[22:35:25.859] Global cache location 'C:/Users/void/AppData/Local/Microsoft/TypeScript/4.3', safe file path 'c:/lsp/npm/typescript/node_modules/typescript/lib/typingsafelist.json', types map path c:/lsp/npm/typescript/node_modules/typescript/lib/typesmap.json
[22:35:25.861] Processing cache location 'C:/Users/void/AppData/Local/Microsoft/TypeScript/4.3'
[22:35:25.862] Trying to find 'C:/Users/void/AppData/Local/Microsoft/TypeScript/4.3/package.json'...
[22:35:25.864] Loaded content of 'C:/Users/void/AppData/Local/Microsoft/TypeScript/4.3/package.json': {"private":true,"dependencies":{"types-registry":"^0.1.550"},"devDependencies":{"@types/accepts":"^1.3.5","@types/async":"^3.2.7","@types/bl":"^5.0.1","@types/body":"^5.1.1","@types/body-parser":"^1.19.1","@types/bootstrap":"^5.0.17","@types/braces":"^3.0.1","@types/bson":"^4.0.4","@types/cacheable-request":"^6.0.2","@types/call-bind":"^1.0.0","@types/chai":"^4.2.21","@types/configstore":"^5.0.1","@types/d":"^1.0.0","@types/debug":"^4.1.6","@types/dot":"^1.1.4","@types/ejs":"^3.0.7","@types/end-of-stream":"^1.4.1","@types/eslint":"^7.2.13","@types/express":"^4.17.13","@types/express-ejs-layouts":"^2.3.2","@types/express-session":"^1.17.4","@types/extend":"^3.0.1","@types/fast-text-encoding":"^1.0.1","@types/finalhandler":"^1.1.1","@types/follow-redirects":"^1.13.1","@types/forwarded":"^0.1.0","@types/fresh":"^0.5.0","@types/fs-extra":"^9.0.12","@types/function-bind":"^1.1.6","@types/get-intrinsic":"^1.0.0","@types/glob":"^7.1.3","@types/glob-parent":"^5.1.1","@types/go":"^1.6.20","@types/got":"^9.6.12","@types/graceful-fs":"^4.1.5","@types/has":"^1.0.0","@types/has-symbols":"^1.0.0","@types/http-cache-semantics":"^4.0.1","@types/http-errors":"^1.8.1","@types/imurmurhash":"^0.1.1","@types/inherits":"0.0.30","@types/ini":"^1.3.30","@types/is-ci":"^3.0.0","@types/is-glob":"^4.0.2","@types/is-number":"^7.0.1","@types/is-typedarray":"^1.0.0","@types/isomorphic-fetch":"0.0.35","@types/js-yaml":"^4.0.1","@types/json-bigint":"^1.0.1","@types/json-buffer":"^3.0.0","@types/jsonwebtoken":"^8.5.4","@types/jws":"^3.2.4","@types/keyv":"^3.1.2","@types/lodash":"^4.14.171","@types/lru-cache":"^5.1.1","@types/md5":"^2.3.1","@types/media-typer":"^1.1.1","@types/memory-pager":"^1.4.0","@types/merge-descriptors":"^1.0.1","@types/methods":"^1.1.1","@types/mime":"^2.0.3","@types/mime-db":"^1.43.1","@types/mime-types":"^2.1.0","@types/minimatch":"^3.0.5","@types/minimist":"^1.2.2","@types/mocha":"^8.2.3","@types/mongodb":"^3.6.20","@types/ms":"^0.7.31","@types/mysql":"^2.15.19","@types/nconf":"^0.10.1","@types/negotiator":"^0.6.1","@types/node":"^15.12.4","@types/node-fetch":"^2.5.11","@types/node-forge":"^0.10.1","@types/nodemon":"^1.19.1","@types/nopt":"^3.0.29","@types/normalize-path":"^3.0.0","@types/oauth":"^0.9.1","@types/object-assign":"^4.0.30","@types/object-inspect":"^1.8.1","@types/on-finished":"^2.3.1","@types/on-headers":"^1.0.0","@types/once":"^1.4.0","@types/parseurl":"^1.3.1","@types/passport":"^1.0.7","@types/passport-google-oauth":"^1.0.42","@types/passport-google-oauth20":"^2.0.9","@types/passport-local":"^1.0.34","@types/passport-oauth2":"^1.4.11","@types/passport-strategy":"^0.2.35","@types/pause":"^0.1.0","@types/picomatch":"^2.2.5","@types/prettier":"^2.3.2","@types/proxy-addr":"^2.0.0","@types/proxyquire":"^1.3.28","@types/pump":"^1.1.1","@types/q":"^1.5.4","@types/qs":"^6.9.7","@types/random-bytes":"^1.0.1","@types/range-parser":"^1.2.4","@types/rc":"^1.1.0","@types/react":"^17.0.11","@types/react-dom":"^17.0.8","@types/registry-auth-token":"^4.2.1","@types/responselike":"^1.0.0","@types/safer-buffer":"^2.1.0","@types/saslprep":"^1.0.0","@types/scheduler":"^0.16.1","@types/semver":"^7.3.7","@types/send":"^0.17.1","@types/serve-static":"^1.13.10","@types/server":"^1.0.4","@types/server-destroy":"^1.0.1","@types/shelljs":"^0.8.8","@types/signal-exit":"^3.0.1","@types/sparse-bitfield":"^3.0.0","@types/sprintf":"^0.1.0","@types/sqlstring":"^2.3.0","@types/statuses":"^2.0.0","@types/supports-color":"^8.1.1","@types/tail":"^2.2.1","@types/tailwindcss":"^2.2.1","@types/touch":"^3.1.2","@types/type-is":"^1.6.3","@types/uid-safe":"^2.1.2","@types/uid2":"0.0.0","@types/update-notifier":"^5.0.1","@types/url-template":"^2.0.28","@types/utils-merge":"0.0.28","@types/uuid":"^8.3.1","@types/vary":"^1.1.0","@types/vscode":"^1.57.0","@types/write-file-atomic":"^3.0.2","@types/yallist":"^4.0.1","@types/yargs":"^17.0.2"}}
[22:35:25.866] Loaded content of 'C:/Users/void/AppData/Local/Microsoft/TypeScript/4.3/package-lock.json'
[22:35:25.890] Adding entry into typings cache: 'accepts' => 'C:/Users/void/AppData/Local/Microsoft/TypeScript/4.3/node_modules/@types/accepts/index.d.ts'
[22:35:25.907] Adding entry into typings cache: 'async' => 'C:/Users/void/AppData/Local/Microsoft/TypeScript/4.3/node_modules/@types/async/index.d.ts'
[22:35:25.913] Adding entry into typings cache: 'bl' => 'C:/Users/void/AppData/Local/Microsoft/TypeScript/4.3/node_modules/@types/bl/index.d.ts'
[22:35:25.920] Adding entry into typings cache: 'body' => 'C:/Users/void/AppData/Local/Microsoft/TypeScript/4.3/node_modules/@types/body/index.d.ts'
[22:35:25.926] Adding entry into typings cache: 'body-parser' => 'C:/Users/void/AppData/Local/Microsoft/TypeScript/4.3/node_modules/@types/body-parser/index.d.ts'
[22:35:25.932] Adding entry into typings cache: 'bootstrap' => 'C:/Users/void/AppData/Local/Microsoft/TypeScript/4.3/node_modules/@types/bootstrap/index.d.ts'
[22:35:25.945] Adding entry into typings cache: 'braces' => 'C:/Users/void/AppData/Local/Microsoft/TypeScript/4.3/node_modules/@types/braces/index.d.ts'
[22:35:25.966] Adding entry into typings cache: 'bson' => 'C:/Users/void/AppData/Local/Microsoft/TypeScript/4.3/node_modules/@types/bson/index.d.ts'
[22:35:25.986] Adding entry into typings cache: 'cacheable-request' => 'C:/Users/void/AppData/Local/Microsoft/TypeScript/4.3/node_modules/@types/cacheable-request/index.d.ts'
[22:35:25.993] Adding entry into typings cache: 'call-bind' => 'C:/Users/void/AppData/Local/Microsoft/TypeScript/4.3/node_modules/@types/call-bind/index.d.ts'
[22:35:26.000] Adding entry into typings cache: 'chai' => 'C:/Users/void/AppData/Local/Microsoft/TypeScript/4.3/node_modules/@types/chai/index.d.ts'
[22:35:26.004] Adding entry into typings cache: 'configstore' => 'C:/Users/void/AppData/Local/Microsoft/TypeScript/4.3/node_modules/@types/configstore/index.d.ts'
[22:35:26.018] Adding entry into typings cache: 'd' => 'C:/Users/void/AppData/Local/Microsoft/TypeScript/4.3/node_modules/@types/d/index.d.ts'
[22:35:26.029] Adding entry into typings cache: 'debug' => 'C:/Users/void/AppData/Local/Microsoft/TypeScript/4.3/node_modules/@types/debug/index.d.ts'
[22:35:26.048] Adding entry into typings cache: 'dot' => 'C:/Users/void/AppData/Local/Microsoft/TypeScript/4.3/node_modules/@types/dot/index.d.ts'
[22:35:26.054] Adding entry into typings cache: 'ejs' => 'C:/Users/void/AppData/Local/Microsoft/TypeScript/4.3/node_modules/@types/ejs/index.d.ts'
[22:35:26.058] Adding entry into typings cache: 'end-of-stream' => 'C:/Users/void/AppData/Local/Microsoft/TypeScript/4.3/node_modules/@types/end-of-stream/index.d.ts'
[22:35:26.063] Adding entry into typings cache: 'eslint' => 'C:/Users/void/AppData/Local/Microsoft/TypeScript/4.3/node_modules/@types/eslint/index.d.ts'
[22:35:26.078] Adding entry into typings cache: 'express' => 'C:/Users/void/AppData/Local/Microsoft/TypeScript/4.3/node_modules/@types/express/index.d.ts'
[22:35:26.096] Adding entry into typings cache: 'express-ejs-layouts' => 'C:/Users/void/AppData/Local/Microsoft/TypeScript/4.3/node_modules/@types/express-ejs-layouts/index.d.ts'
[22:35:26.103] Adding entry into typings cache: 'express-session' => 'C:/Users/void/AppData/Local/Microsoft/TypeScript/4.3/node_modules/@types/express-session/index.d.ts'
[22:35:26.110] Adding entry into typings cache: 'extend' => 'C:/Users/void/AppData/Local/Microsoft/TypeScript/4.3/node_modules/@types/extend/index.d.ts'
[22:35:26.142] Adding entry into typings cache: 'fast-text-encoding' => 'C:/Users/void/AppData/Local/Microsoft/TypeScript/4.3/node_modules/@types/fast-text-encoding/index.d.ts'
[22:35:26.146] Adding entry into typings cache: 'finalhandler' => 'C:/Users/void/AppData/Local/Microsoft/TypeScript/4.3/node_modules/@types/finalhandler/index.d.ts'
[22:35:26.153] Adding entry into typings cache: 'follow-redirects' => 'C:/Users/void/AppData/Local/Microsoft/TypeScript/4.3/node_modules/@types/follow-redirects/index.d.ts'
[22:35:26.169] Adding entry into typings cache: 'forwarded' => 'C:/Users/void/AppData/Local/Microsoft/TypeScript/4.3/node_modules/@types/forwarded/index.d.ts'
[22:35:26.173] Adding entry into typings cache: 'fresh' => 'C:/Users/void/AppData/Local/Microsoft/TypeScript/4.3/node_modules/@types/fresh/index.d.ts'
[22:35:26.182] Adding entry into typings cache: 'fs-extra' => 'C:/Users/void/AppData/Local/Microsoft/TypeScript/4.3/node_modules/@types/fs-extra/index.d.ts'
[22:35:26.193] Adding entry into typings cache: 'function-bind' => 'C:/Users/void/AppData/Local/Microsoft/TypeScript/4.3/node_modules/@types/function-bind/index.d.ts'
[22:35:26.205] Adding entry into typings cache: 'get-intrinsic' => 'C:/Users/void/AppData/Local/Microsoft/TypeScript/4.3/node_modules/@types/get-intrinsic/index.d.ts'
[22:35:26.212] Adding entry into typings cache: 'glob' => 'C:/Users/void/AppData/Local/Microsoft/TypeScript/4.3/node_modules/@types/glob/index.d.ts'
[22:35:26.221] Adding entry into typings cache: 'glob-parent' => 'C:/Users/void/AppData/Local/Microsoft/TypeScript/4.3/node_modules/@types/glob-parent/index.d.ts'
[22:35:26.252] Adding entry into typings cache: 'go' => 'C:/Users/void/AppData/Local/Microsoft/TypeScript/4.3/node_modules/@types/go/index.d.ts'
[22:35:26.256] Adding entry into typings cache: 'got' => 'C:/Users/void/AppData/Local/Microsoft/TypeScript/4.3/node_modules/@types/got/index.d.ts'
[22:35:26.266] Adding entry into typings cache: 'graceful-fs' => 'C:/Users/void/AppData/Local/Microsoft/TypeScript/4.3/node_modules/@types/graceful-fs/index.d.ts'
[22:35:26.274] Adding entry into typings cache: 'has' => 'C:/Users/void/AppData/Local/Microsoft/TypeScript/4.3/node_modules/@types/has/index.d.ts'
[22:35:26.279] Adding entry into typings cache: 'has-symbols' => 'C:/Users/void/AppData/Local/Microsoft/TypeScript/4.3/node_modules/@types/has-symbols/index.d.ts'
[22:35:26.286] Adding entry into typings cache: 'http-cache-semantics' => 'C:/Users/void/AppData/Local/Microsoft/TypeScript/4.3/node_modules/@types/http-cache-semantics/index.d.ts'
[22:35:26.290] Adding entry into typings cache: 'http-errors' => 'C:/Users/void/AppData/Local/Microsoft/TypeScript/4.3/node_modules/@types/http-errors/index.d.ts'
[22:35:26.294] Adding entry into typings cache: 'imurmurhash' => 'C:/Users/void/AppData/Local/Microsoft/TypeScript/4.3/node_modules/@types/imurmurhash/index.d.ts'
[22:35:26.297] Adding entry into typings cache: 'inherits' => 'C:/Users/void/AppData/Local/Microsoft/TypeScript/4.3/node_modules/@types/inherits/index.d.ts'
[22:35:26.303] Adding entry into typings cache: 'ini' => 'C:/Users/void/AppData/Local/Microsoft/TypeScript/4.3/node_modules/@types/ini/index.d.ts'
[22:35:26.307] Adding entry into typings cache: 'is-ci' => 'C:/Users/void/AppData/Local/Microsoft/TypeScript/4.3/node_modules/@types/is-ci/index.d.ts'
[22:35:26.312] Adding entry into typings cache: 'is-glob' => 'C:/Users/void/AppData/Local/Microsoft/TypeScript/4.3/node_modules/@types/is-glob/index.d.ts'
[22:35:26.316] Adding entry into typings cache: 'is-number' => 'C:/Users/void/AppData/Local/Microsoft/TypeScript/4.3/node_modules/@types/is-number/index.d.ts'
[22:35:26.321] Adding entry into typings cache: 'is-typedarray' => 'C:/Users/void/AppData/Local/Microsoft/TypeScript/4.3/node_modules/@types/is-typedarray/index.d.ts'
[22:35:26.325] Adding entry into typings cache: 'isomorphic-fetch' => 'C:/Users/void/AppData/Local/Microsoft/TypeScript/4.3/node_modules/@types/isomorphic-fetch/index.d.ts'
[22:35:26.329] Adding entry into typings cache: 'js-yaml' => 'C:/Users/void/AppData/Local/Microsoft/TypeScript/4.3/node_modules/@types/js-yaml/index.d.ts'
[22:35:26.332] Adding entry into typings cache: 'json-bigint' => 'C:/Users/void/AppData/Local/Microsoft/TypeScript/4.3/node_modules/@types/json-bigint/index.d.ts'
[22:35:26.336] Adding entry into typings cache: 'json-buffer' => 'C:/Users/void/AppData/Local/Microsoft/TypeScript/4.3/node_modules/@types/json-buffer/index.d.ts'
[22:35:26.341] Adding entry into typings cache: 'jsonwebtoken' => 'C:/Users/void/AppData/Local/Microsoft/TypeScript/4.3/node_modules/@types/jsonwebtoken/index.d.ts'
[22:35:26.346] Adding entry into typings cache: 'jws' => 'C:/Users/void/AppData/Local/Microsoft/TypeScript/4.3/node_modules/@types/jws/index.d.ts'
[22:35:26.349] Adding entry into typings cache: 'keyv' => 'C:/Users/void/AppData/Local/Microsoft/TypeScript/4.3/node_modules/@types/keyv/index.d.ts'
[22:35:26.353] Adding entry into typings cache: 'lodash' => 'C:/Users/void/AppData/Local/Microsoft/TypeScript/4.3/node_modules/@types/lodash/index.d.ts'
[22:35:26.359] Adding entry into typings cache: 'lru-cache' => 'C:/Users/void/AppData/Local/Microsoft/TypeScript/4.3/node_modules/@types/lru-cache/index.d.ts'
[22:35:26.363] Adding entry into typings cache: 'md5' => 'C:/Users/void/AppData/Local/Microsoft/TypeScript/4.3/node_modules/@types/md5/index.d.ts'
[22:35:26.369] Adding entry into typings cache: 'media-typer' => 'C:/Users/void/AppData/Local/Microsoft/TypeScript/4.3/node_modules/@types/media-typer/index.d.ts'
[22:35:26.373] Adding entry into typings cache: 'memory-pager' => 'C:/Users/void/AppData/Local/Microsoft/TypeScript/4.3/node_modules/@types/memory-pager/index.d.ts'
[22:35:26.377] Adding entry into typings cache: 'merge-descriptors' => 'C:/Users/void/AppData/Local/Microsoft/TypeScript/4.3/node_modules/@types/merge-descriptors/index.d.ts'
[22:35:26.380] Adding entry into typings cache: 'methods' => 'C:/Users/void/AppData/Local/Microsoft/TypeScript/4.3/node_modules/@types/methods/index.d.ts'
[22:35:26.385] Adding entry into typings cache: 'mime' => 'C:/Users/void/AppData/Local/Microsoft/TypeScript/4.3/node_modules/@types/mime/index.d.ts'
[22:35:26.393] Adding entry into typings cache: 'mime-db' => 'C:/Users/void/AppData/Local/Microsoft/TypeScript/4.3/node_modules/@types/mime-db/index.d.ts'
[22:35:26.404] Adding entry into typings cache: 'mime-types' => 'C:/Users/void/AppData/Local/Microsoft/TypeScript/4.3/node_modules/@types/mime-types/index.d.ts'
[22:35:26.408] Adding entry into typings cache: 'minimatch' => 'C:/Users/void/AppData/Local/Microsoft/TypeScript/4.3/node_modules/@types/minimatch/index.d.ts'
[22:35:26.417] Adding entry into typings cache: 'minimist' => 'C:/Users/void/AppData/Local/Microsoft/TypeScript/4.3/node_modules/@types/minimist/index.d.ts'
[22:35:26.420] Adding entry into typings cache: 'mocha' => 'C:/Users/void/AppData/Local/Microsoft/TypeScript/4.3/node_modules/@types/mocha/index.d.ts'
[22:35:26.425] Adding entry into typings cache: 'mongodb' => 'C:/Users/void/AppData/Local/Microsoft/TypeScript/4.3/node_modules/@types/mongodb/index.d.ts'
[22:35:26.438] Adding entry into typings cache: 'ms' => 'C:/Users/void/AppData/Local/Microsoft/TypeScript/4.3/node_modules/@types/ms/index.d.ts'
[22:35:26.442] Adding entry into typings cache: 'mysql' => 'C:/Users/void/AppData/Local/Microsoft/TypeScript/4.3/node_modules/@types/mysql/index.d.ts'
[22:35:26.445] Adding entry into typings cache: 'nconf' => 'C:/Users/void/AppData/Local/Microsoft/TypeScript/4.3/node_modules/@types/nconf/index.d.ts'
[22:35:26.448] Adding entry into typings cache: 'negotiator' => 'C:/Users/void/AppData/Local/Microsoft/TypeScript/4.3/node_modules/@types/negotiator/index.d.ts'
[22:35:26.457] Adding entry into typings cache: 'node' => 'C:/Users/void/AppData/Local/Microsoft/TypeScript/4.3/node_modules/@types/node/index.d.ts'
[22:35:26.463] Adding entry into typings cache: 'node-fetch' => 'C:/Users/void/AppData/Local/Microsoft/TypeScript/4.3/node_modules/@types/node-fetch/index.d.ts'
[22:35:26.468] Adding entry into typings cache: 'node-forge' => 'C:/Users/void/AppData/Local/Microsoft/TypeScript/4.3/node_modules/@types/node-forge/index.d.ts'
[22:35:26.472] Adding entry into typings cache: 'nodemon' => 'C:/Users/void/AppData/Local/Microsoft/TypeScript/4.3/node_modules/@types/nodemon/index.d.ts'
[22:35:26.475] Adding entry into typings cache: 'nopt' => 'C:/Users/void/AppData/Local/Microsoft/TypeScript/4.3/node_modules/@types/nopt/index.d.ts'
[22:35:26.479] Adding entry into typings cache: 'normalize-path' => 'C:/Users/void/AppData/Local/Microsoft/TypeScript/4.3/node_modules/@types/normalize-path/index.d.ts'
[22:35:26.483] Adding entry into typings cache: 'oauth' => 'C:/Users/void/AppData/Local/Microsoft/TypeScript/4.3/node_modules/@types/oauth/index.d.ts'
[22:35:26.487] Adding entry into typings cache: 'object-assign' => 'C:/Users/void/AppData/Local/Microsoft/TypeScript/4.3/node_modules/@types/object-assign/index.d.ts'
[22:35:26.491] Adding entry into typings cache: 'object-inspect' => 'C:/Users/void/AppData/Local/Microsoft/TypeScript/4.3/node_modules/@types/object-inspect/index.d.ts'
[22:35:26.493] Adding entry into typings cache: 'on-finished' => 'C:/Users/void/AppData/Local/Microsoft/TypeScript/4.3/node_modules/@types/on-finished/index.d.ts'
[22:35:26.496] Adding entry into typings cache: 'on-headers' => 'C:/Users/void/AppData/Local/Microsoft/TypeScript/4.3/node_modules/@types/on-headers/index.d.ts'
[22:35:26.499] Adding entry into typings cache: 'once' => 'C:/Users/void/AppData/Local/Microsoft/TypeScript/4.3/node_modules/@types/once/index.d.ts'
[22:35:26.502] Adding entry into typings cache: 'parseurl' => 'C:/Users/void/AppData/Local/Microsoft/TypeScript/4.3/node_modules/@types/parseurl/index.d.ts'
[22:35:26.505] Adding entry into typings cache: 'passport' => 'C:/Users/void/AppData/Local/Microsoft/TypeScript/4.3/node_modules/@types/passport/index.d.ts'
[22:35:26.508] Adding entry into typings cache: 'passport-google-oauth' => 'C:/Users/void/AppData/Local/Microsoft/TypeScript/4.3/node_modules/@types/passport-google-oauth/index.d.ts'
[22:35:26.512] Adding entry into typings cache: 'passport-google-oauth20' => 'C:/Users/void/AppData/Local/Microsoft/TypeScript/4.3/node_modules/@types/passport-google-oauth20/index.d.ts'
[22:35:26.517] Adding entry into typings cache: 'passport-local' => 'C:/Users/void/AppData/Local/Microsoft/TypeScript/4.3/node_modules/@types/passport-local/index.d.ts'
[22:35:26.520] Adding entry into typings cache: 'passport-oauth2' => 'C:/Users/void/AppData/Local/Microsoft/TypeScript/4.3/node_modules/@types/passport-oauth2/index.d.ts'
[22:35:26.524] Adding entry into typings cache: 'passport-strategy' => 'C:/Users/void/AppData/Local/Microsoft/TypeScript/4.3/node_modules/@types/passport-strategy/index.d.ts'
[22:35:26.527] Adding entry into typings cache: 'pause' => 'C:/Users/void/AppData/Local/Microsoft/TypeScript/4.3/node_modules/@types/pause/index.d.ts'
[22:35:26.530] Adding entry into typings cache: 'picomatch' => 'C:/Users/void/AppData/Local/Microsoft/TypeScript/4.3/node_modules/@types/picomatch/index.d.ts'
[22:35:26.534] Adding entry into typings cache: 'prettier' => 'C:/Users/void/AppData/Local/Microsoft/TypeScript/4.3/node_modules/@types/prettier/index.d.ts'
[22:35:26.537] Adding entry into typings cache: 'proxy-addr' => 'C:/Users/void/AppData/Local/Microsoft/TypeScript/4.3/node_modules/@types/proxy-addr/index.d.ts'
[22:35:26.540] Adding entry into typings cache: 'proxyquire' => 'C:/Users/void/AppData/Local/Microsoft/TypeScript/4.3/node_modules/@types/proxyquire/index.d.ts'
[22:35:26.543] Adding entry into typings cache: 'pump' => 'C:/Users/void/AppData/Local/Microsoft/TypeScript/4.3/node_modules/@types/pump/index.d.ts'
[22:35:26.548] Adding entry into typings cache: 'q' => 'C:/Users/void/AppData/Local/Microsoft/TypeScript/4.3/node_modules/@types/q/index.d.ts'
[22:35:26.552] Adding entry into typings cache: 'qs' => 'C:/Users/void/AppData/Local/Microsoft/TypeScript/4.3/node_modules/@types/qs/index.d.ts'
[22:35:26.561] Adding entry into typings cache: 'random-bytes' => 'C:/Users/void/AppData/Local/Microsoft/TypeScript/4.3/node_modules/@types/random-bytes/index.d.ts'
[22:35:26.564] Adding entry into typings cache: 'range-parser' => 'C:/Users/void/AppData/Local/Microsoft/TypeScript/4.3/node_modules/@types/range-parser/index.d.ts'
[22:35:26.572] Adding entry into typings cache: 'rc' => 'C:/Users/void/AppData/Local/Microsoft/TypeScript/4.3/node_modules/@types/rc/index.d.ts'
[22:35:26.576] Adding entry into typings cache: 'react' => 'C:/Users/void/AppData/Local/Microsoft/TypeScript/4.3/node_modules/@types/react/index.d.ts'
[22:35:26.579] Adding entry into typings cache: 'react-dom' => 'C:/Users/void/AppData/Local/Microsoft/TypeScript/4.3/node_modules/@types/react-dom/index.d.ts'
[22:35:26.586] Adding entry into typings cache: 'registry-auth-token' => 'C:/Users/void/AppData/Local/Microsoft/TypeScript/4.3/node_modules/@types/registry-auth-token/index.d.ts'
[22:35:26.590] Adding entry into typings cache: 'responselike' => 'C:/Users/void/AppData/Local/Microsoft/TypeScript/4.3/node_modules/@types/responselike/index.d.ts'
[22:35:26.593] Adding entry into typings cache: 'safer-buffer' => 'C:/Users/void/AppData/Local/Microsoft/TypeScript/4.3/node_modules/@types/safer-buffer/index.d.ts'
[22:35:26.602] Adding entry into typings cache: 'saslprep' => 'C:/Users/void/AppData/Local/Microsoft/TypeScript/4.3/node_modules/@types/saslprep/index.d.ts'
[22:35:26.605] Adding entry into typings cache: 'scheduler' => 'C:/Users/void/AppData/Local/Microsoft/TypeScript/4.3/node_modules/@types/scheduler/index.d.ts'
[22:35:26.608] Adding entry into typings cache: 'semver' => 'C:/Users/void/AppData/Local/Microsoft/TypeScript/4.3/node_modules/@types/semver/index.d.ts'
[22:35:26.611] Adding entry into typings cache: 'send' => 'C:/Users/void/AppData/Local/Microsoft/TypeScript/4.3/node_modules/@types/send/index.d.ts'
[22:35:26.615] Adding entry into typings cache: 'serve-static' => 'C:/Users/void/AppData/Local/Microsoft/TypeScript/4.3/node_modules/@types/serve-static/index.d.ts'
[22:35:26.619] Adding entry into typings cache: 'server' => 'C:/Users/void/AppData/Local/Microsoft/TypeScript/4.3/node_modules/@types/server/index.d.ts'
[22:35:26.622] Adding entry into typings cache: 'server-destroy' => 'C:/Users/void/AppData/Local/Microsoft/TypeScript/4.3/node_modules/@types/server-destroy/index.d.ts'
[22:35:26.625] Adding entry into typings cache: 'shelljs' => 'C:/Users/void/AppData/Local/Microsoft/TypeScript/4.3/node_modules/@types/shelljs/index.d.ts'
[22:35:26.628] Adding entry into typings cache: 'signal-exit' => 'C:/Users/void/AppData/Local/Microsoft/TypeScript/4.3/node_modules/@types/signal-exit/index.d.ts'
[22:35:26.634] Adding entry into typings cache: 'sparse-bitfield' => 'C:/Users/void/AppData/Local/Microsoft/TypeScript/4.3/node_modules/@types/sparse-bitfield/index.d.ts'
[22:35:26.637] Adding entry into typings cache: 'sprintf' => 'C:/Users/void/AppData/Local/Microsoft/TypeScript/4.3/node_modules/@types/sprintf/index.d.ts'
[22:35:26.640] Adding entry into typings cache: 'sqlstring' => 'C:/Users/void/AppData/Local/Microsoft/TypeScript/4.3/node_modules/@types/sqlstring/index.d.ts'
[22:35:26.643] Adding entry into typings cache: 'statuses' => 'C:/Users/void/AppData/Local/Microsoft/TypeScript/4.3/node_modules/@types/statuses/index.d.ts'
[22:35:26.648] Adding entry into typings cache: 'supports-color' => 'C:/Users/void/AppData/Local/Microsoft/TypeScript/4.3/node_modules/@types/supports-color/index.d.ts'
[22:35:26.652] Adding entry into typings cache: 'tail' => 'C:/Users/void/AppData/Local/Microsoft/TypeScript/4.3/node_modules/@types/tail/index.d.ts'
[22:35:26.658] Adding entry into typings cache: 'tailwindcss' => 'C:/Users/void/AppData/Local/Microsoft/TypeScript/4.3/node_modules/@types/tailwindcss/index.d.ts'
[22:35:26.661] Adding entry into typings cache: 'touch' => 'C:/Users/void/AppData/Local/Microsoft/TypeScript/4.3/node_modules/@types/touch/index.d.ts'
[22:35:26.665] Adding entry into typings cache: 'type-is' => 'C:/Users/void/AppData/Local/Microsoft/TypeScript/4.3/node_modules/@types/type-is/index.d.ts'
[22:35:26.668] Adding entry into typings cache: 'uid-safe' => 'C:/Users/void/AppData/Local/Microsoft/TypeScript/4.3/node_modules/@types/uid-safe/index.d.ts'
[22:35:26.674] Adding entry into typings cache: 'uid2' => 'C:/Users/void/AppData/Local/Microsoft/TypeScript/4.3/node_modules/@types/uid2/index.d.ts'
[22:35:26.676] Adding entry into typings cache: 'update-notifier' => 'C:/Users/void/AppData/Local/Microsoft/TypeScript/4.3/node_modules/@types/update-notifier/index.d.ts'
[22:35:26.680] Adding entry into typings cache: 'url-template' => 'C:/Users/void/AppData/Local/Microsoft/TypeScript/4.3/node_modules/@types/url-template/index.d.ts'
[22:35:26.683] Adding entry into typings cache: 'utils-merge' => 'C:/Users/void/AppData/Local/Microsoft/TypeScript/4.3/node_modules/@types/utils-merge/index.d.ts'
[22:35:26.688] Adding entry into typings cache: 'uuid' => 'C:/Users/void/AppData/Local/Microsoft/TypeScript/4.3/node_modules/@types/uuid/index.d.ts'
[22:35:26.693] Adding entry into typings cache: 'vary' => 'C:/Users/void/AppData/Local/Microsoft/TypeScript/4.3/node_modules/@types/vary/index.d.ts'
[22:35:26.698] Adding entry into typings cache: 'vscode' => 'C:/Users/void/AppData/Local/Microsoft/TypeScript/4.3/node_modules/@types/vscode/index.d.ts'
[22:35:26.703] Adding entry into typings cache: 'write-file-atomic' => 'C:/Users/void/AppData/Local/Microsoft/TypeScript/4.3/node_modules/@types/write-file-atomic/index.d.ts'
[22:35:26.705] Adding entry into typings cache: 'yallist' => 'C:/Users/void/AppData/Local/Microsoft/TypeScript/4.3/node_modules/@types/yallist/index.d.ts'
[22:35:26.708] Adding entry into typings cache: 'yargs' => 'C:/Users/void/AppData/Local/Microsoft/TypeScript/4.3/node_modules/@types/yargs/index.d.ts'
[22:35:26.708] Finished processing cache location 'C:/Users/void/AppData/Local/Microsoft/TypeScript/4.3'
[22:35:26.709] Process id: 13664
[22:35:26.709] NPM location: C:\nodejs\npm (explicit '--npmLocation' not  provided)
[22:35:26.710] validateDefaultNpmLocation: false
[22:35:26.711] Npm config file: C:/Users/void/AppData/Local/Microsoft/TypeScript/4.3/package.json
[22:35:26.711] Updating types-registry npm package...
[22:35:26.712] Exec: C:\nodejs\npm install --ignore-scripts types-registry@latest
[22:35:29.984]     Succeeded. stdout:
    + types-registry@0.1.550
    updated 1 package and audited 197 packages in 1.822s

6 packages are looking for funding
  run `npm fund` for details

found 0 vulnerabilities


[22:35:29.984] Updated types-registry npm package
[22:35:30.013] Got install request {"projectName":"/dev/null/inferredProject1*","fileNames":["c:/lsp/npm/typescript/node_modules/typescript/lib/lib.es5.d.ts","c:/lsp/npm/typescript/node_modules/typescript/lib/lib.es2015.d.ts","c:/lsp/npm/typescript/node_modules/typescript/lib/lib.es2016.d.ts","c:/lsp/npm/typescript/node_modules/typescript/lib/lib.dom.d.ts","c:/lsp/npm/typescript/node_modules/typescript/lib/lib.dom.iterable.d.ts","c:/lsp/npm/typescript/node_modules/typescript/lib/lib.webworker.importscripts.d.ts","c:/lsp/npm/typescript/node_modules/typescript/lib/lib.scripthost.d.ts","c:/lsp/npm/typescript/node_modules/typescript/lib/lib.es2015.core.d.ts","c:/lsp/npm/typescript/node_modules/typescript/lib/lib.es2015.collection.d.ts","c:/lsp/npm/typescript/node_modules/typescript/lib/lib.es2015.generator.d.ts","c:/lsp/npm/typescript/node_modules/typescript/lib/lib.es2015.iterable.d.ts","c:/lsp/npm/typescript/node_modules/typescript/lib/lib.es2015.promise.d.ts","c:/lsp/npm/typescript/node_modules/typescript/lib/lib.es2015.proxy.d.ts","c:/lsp/npm/typescript/node_modules/typescript/lib/lib.es2015.reflect.d.ts","c:/lsp/npm/typescript/node_modules/typescript/lib/lib.es2015.symbol.d.ts","c:/lsp/npm/typescript/node_modules/typescript/lib/lib.es2015.symbol.wellknown.d.ts","c:/lsp/npm/typescript/node_modules/typescript/lib/lib.es2016.array.include.d.ts","c:/lsp/npm/typescript/node_modules/typescript/lib/lib.es2016.full.d.ts","y:/charicha_software_challenge/s2d1.js"],"compilerOptions":{"module":1,"target":3,"jsx":1,"allowJs":true,"allowSyntheticDefaultImports":true,"allowNonTsExtensions":true,"noEmitForJsFiles":true,"maxNodeModuleJsDepth":2},"typeAcquisition":{"enable":true,"include":[],"exclude":[]},"unresolvedImports":[],"projectRootPath":"y:/charicha_software_challenge","kind":"discover"}
[22:35:30.028] Loaded safelist from types map file 'c:/lsp/npm/typescript/node_modules/typescript/lib/typesmap.json'
[22:35:30.031] Explicitly included types: []
[22:35:30.033] Inferred typings from unresolved imports: []
[22:35:30.034] Result: {"cachedTypingPaths":[],"newTypingNames":[],"filesToWatch":["y:/charicha_software_challenge/bower_components","y:/charicha_software_challenge/node_modules"]}
[22:35:30.034] Finished typings discovery: {"cachedTypingPaths":[],"newTypingNames":[],"filesToWatch":["y:/charicha_software_challenge/bower_components","y:/charicha_software_challenge/node_modules"]}
[22:35:30.035] DirectoryWatcher:: Added:: WatchInfo: y:/charicha_software_challenge/bower_components
[22:35:30.036] DirectoryWatcher:: Added:: WatchInfo: y:/charicha_software_challenge/bower_components 1 undefined Project: /dev/null/inferredProject1* watcher already invoked: false
[22:35:30.039] Elapsed:: 2.6076000034809113ms DirectoryWatcher:: Added:: WatchInfo: y:/charicha_software_challenge/bower_components 1 undefined Project: /dev/null/inferredProject1* watcher already invoked: false
[22:35:30.040] DirectoryWatcher:: Added:: WatchInfo: y:/charicha_software_challenge/node_modules
[22:35:30.040] DirectoryWatcher:: Added:: WatchInfo: y:/charicha_software_challenge/node_modules 1 undefined Project: /dev/null/inferredProject1* watcher already invoked: false
[22:35:30.040] Elapsed:: 0.15780000388622284ms DirectoryWatcher:: Added:: WatchInfo: y:/charicha_software_challenge/node_modules 1 undefined Project: /dev/null/inferredProject1* watcher already invoked: false
[22:35:30.041] Sending response:
    {"projectName":"/dev/null/inferredProject1*","typeAcquisition":{"enable":true,"include":[],"exclude":[]},"compilerOptions":{"module":1,"target":3,"jsx":1,"allowJs":true,"allowSyntheticDefaultImports":true,"allowNonTsExtensions":true,"noEmitForJsFiles":true,"maxNodeModuleJsDepth":2},"typings":[],"unresolvedImports":[],"kind":"action::set"}
[22:35:30.042] Response has been sent.
[22:35:30.042] No new typings were requested as a result of typings discovery
[22:35:30.043] Got install request {"projectName":"/dev/null/inferredProject2*","fileNames":["c:/lsp/npm/typescript/node_modules/typescript/lib/lib.es5.d.ts","c:/lsp/npm/typescript/node_modules/typescript/lib/lib.es2015.d.ts","c:/lsp/npm/typescript/node_modules/typescript/lib/lib.es2016.d.ts","c:/lsp/npm/typescript/node_modules/typescript/lib/lib.dom.d.ts","c:/lsp/npm/typescript/node_modules/typescript/lib/lib.dom.iterable.d.ts","c:/lsp/npm/typescript/node_modules/typescript/lib/lib.webworker.importscripts.d.ts","c:/lsp/npm/typescript/node_modules/typescript/lib/lib.scripthost.d.ts","c:/lsp/npm/typescript/node_modules/typescript/lib/lib.es2015.core.d.ts","c:/lsp/npm/typescript/node_modules/typescript/lib/lib.es2015.collection.d.ts","c:/lsp/npm/typescript/node_modules/typescript/lib/lib.es2015.generator.d.ts","c:/lsp/npm/typescript/node_modules/typescript/lib/lib.es2015.iterable.d.ts","c:/lsp/npm/typescript/node_modules/typescript/lib/lib.es2015.promise.d.ts","c:/lsp/npm/typescript/node_modules/typescript/lib/lib.es2015.proxy.d.ts","c:/lsp/npm/typescript/node_modules/typescript/lib/lib.es2015.reflect.d.ts","c:/lsp/npm/typescript/node_modules/typescript/lib/lib.es2015.symbol.d.ts","c:/lsp/npm/typescript/node_modules/typescript/lib/lib.es2015.symbol.wellknown.d.ts","c:/lsp/npm/typescript/node_modules/typescript/lib/lib.es2016.array.include.d.ts","c:/lsp/npm/typescript/node_modules/typescript/lib/lib.es2016.full.d.ts","y:/charicha_software_challenge/s2d2.js"],"compilerOptions":{"module":1,"target":3,"jsx":1,"allowJs":true,"allowSyntheticDefaultImports":true,"allowNonTsExtensions":true,"noEmitForJsFiles":true,"maxNodeModuleJsDepth":2},"typeAcquisition":{"enable":true,"include":[],"exclude":[]},"unresolvedImports":[],"projectRootPath":"y:/charicha_software_challenge","kind":"discover"}
[22:35:30.043] Explicitly included types: []
[22:35:30.044] Inferred typings from unresolved imports: []
[22:35:30.044] Result: {"cachedTypingPaths":[],"newTypingNames":[],"filesToWatch":["y:/charicha_software_challenge/bower_components","y:/charicha_software_challenge/node_modules"]}
[22:35:30.045] Finished typings discovery: {"cachedTypingPaths":[],"newTypingNames":[],"filesToWatch":["y:/charicha_software_challenge/bower_components","y:/charicha_software_challenge/node_modules"]}
[22:35:30.045] DirectoryWatcher:: Added:: WatchInfo: y:/charicha_software_challenge/bower_components
[22:35:30.045] DirectoryWatcher:: Added:: WatchInfo: y:/charicha_software_challenge/bower_components 1 undefined Project: /dev/null/inferredProject2* watcher already invoked: false
[22:35:30.046] Elapsed:: 0.10700000822544098ms DirectoryWatcher:: Added:: WatchInfo: y:/charicha_software_challenge/bower_components 1 undefined Project: /dev/null/inferredProject2* watcher already invoked: false
[22:35:30.046] DirectoryWatcher:: Added:: WatchInfo: y:/charicha_software_challenge/node_modules
[22:35:30.046] DirectoryWatcher:: Added:: WatchInfo: y:/charicha_software_challenge/node_modules 1 undefined Project: /dev/null/inferredProject2* watcher already invoked: false
[22:35:30.047] Elapsed:: 0.09939999878406525ms DirectoryWatcher:: Added:: WatchInfo: y:/charicha_software_challenge/node_modules 1 undefined Project: /dev/null/inferredProject2* watcher already invoked: false
[22:35:30.047] Sending response:
    {"projectName":"/dev/null/inferredProject2*","typeAcquisition":{"enable":true,"include":[],"exclude":[]},"compilerOptions":{"module":1,"target":3,"jsx":1,"allowJs":true,"allowSyntheticDefaultImports":true,"allowNonTsExtensions":true,"noEmitForJsFiles":true,"maxNodeModuleJsDepth":2},"typings":[],"unresolvedImports":[],"kind":"action::set"}
[22:35:30.047] Response has been sent.
[22:35:30.048] No new typings were requested as a result of typings discovery
[22:35:30.260] Got install request {"projectName":"/dev/null/inferredProject3*","fileNames":["c:/lsp/npm/typescript/node_modules/typescript/lib/lib.es5.d.ts","c:/lsp/npm/typescript/node_modules/typescript/lib/lib.es2015.d.ts","c:/lsp/npm/typescript/node_modules/typescript/lib/lib.es2016.d.ts","c:/lsp/npm/typescript/node_modules/typescript/lib/lib.dom.d.ts","c:/lsp/npm/typescript/node_modules/typescript/lib/lib.dom.iterable.d.ts","c:/lsp/npm/typescript/node_modules/typescript/lib/lib.webworker.importscripts.d.ts","c:/lsp/npm/typescript/node_modules/typescript/lib/lib.scripthost.d.ts","c:/lsp/npm/typescript/node_modules/typescript/lib/lib.es2015.core.d.ts","c:/lsp/npm/typescript/node_modules/typescript/lib/lib.es2015.collection.d.ts","c:/lsp/npm/typescript/node_modules/typescript/lib/lib.es2015.generator.d.ts","c:/lsp/npm/typescript/node_modules/typescript/lib/lib.es2015.iterable.d.ts","c:/lsp/npm/typescript/node_modules/typescript/lib/lib.es2015.promise.d.ts","c:/lsp/npm/typescript/node_modules/typescript/lib/lib.es2015.proxy.d.ts","c:/lsp/npm/typescript/node_modules/typescript/lib/lib.es2015.reflect.d.ts","c:/lsp/npm/typescript/node_modules/typescript/lib/lib.es2015.symbol.d.ts","c:/lsp/npm/typescript/node_modules/typescript/lib/lib.es2015.symbol.wellknown.d.ts","c:/lsp/npm/typescript/node_modules/typescript/lib/lib.es2016.array.include.d.ts","c:/lsp/npm/typescript/node_modules/typescript/lib/lib.es2016.full.d.ts","y:/charicha_software_challenge/s2d3.js"],"compilerOptions":{"module":1,"target":3,"jsx":1,"allowJs":true,"allowSyntheticDefaultImports":true,"allowNonTsExtensions":true,"noEmitForJsFiles":true,"maxNodeModuleJsDepth":2},"typeAcquisition":{"enable":true,"include":[],"exclude":[]},"unresolvedImports":[],"projectRootPath":"y:/charicha_software_challenge","kind":"discover"}
[22:35:30.261] Explicitly included types: []
[22:35:30.261] Inferred typings from unresolved imports: []
[22:35:30.262] Result: {"cachedTypingPaths":[],"newTypingNames":[],"filesToWatch":["y:/charicha_software_challenge/bower_components","y:/charicha_software_challenge/node_modules"]}
[22:35:30.262] Finished typings discovery: {"cachedTypingPaths":[],"newTypingNames":[],"filesToWatch":["y:/charicha_software_challenge/bower_components","y:/charicha_software_challenge/node_modules"]}
[22:35:30.262] DirectoryWatcher:: Added:: WatchInfo: y:/charicha_software_challenge/bower_components
[22:35:30.263] DirectoryWatcher:: Added:: WatchInfo: y:/charicha_software_challenge/bower_components 1 undefined Project: /dev/null/inferredProject3* watcher already invoked: false
[22:35:30.263] Elapsed:: 0.10069999098777771ms DirectoryWatcher:: Added:: WatchInfo: y:/charicha_software_challenge/bower_components 1 undefined Project: /dev/null/inferredProject3* watcher already invoked: false
[22:35:30.263] DirectoryWatcher:: Added:: WatchInfo: y:/charicha_software_challenge/node_modules
[22:35:30.263] DirectoryWatcher:: Added:: WatchInfo: y:/charicha_software_challenge/node_modules 1 undefined Project: /dev/null/inferredProject3* watcher already invoked: false
[22:35:30.264] Elapsed:: 0.0925000011920929ms DirectoryWatcher:: Added:: WatchInfo: y:/charicha_software_challenge/node_modules 1 undefined Project: /dev/null/inferredProject3* watcher already invoked: false
[22:35:30.264] Sending response:
    {"projectName":"/dev/null/inferredProject3*","typeAcquisition":{"enable":true,"include":[],"exclude":[]},"compilerOptions":{"module":1,"target":3,"jsx":1,"allowJs":true,"allowSyntheticDefaultImports":true,"allowNonTsExtensions":true,"noEmitForJsFiles":true,"maxNodeModuleJsDepth":2},"typings":[],"unresolvedImports":[],"kind":"action::set"}
[22:35:30.264] Response has been sent.
[22:35:30.265] No new typings were requested as a result of typings discovery
[22:35:34.820] Got install request {"projectName":"/dev/null/inferredProject4*","fileNames":["c:/lsp/npm/typescript/node_modules/typescript/lib/lib.es5.d.ts","c:/lsp/npm/typescript/node_modules/typescript/lib/lib.es2015.d.ts","c:/lsp/npm/typescript/node_modules/typescript/lib/lib.es2016.d.ts","c:/lsp/npm/typescript/node_modules/typescript/lib/lib.dom.d.ts","c:/lsp/npm/typescript/node_modules/typescript/lib/lib.dom.iterable.d.ts","c:/lsp/npm/typescript/node_modules/typescript/lib/lib.webworker.importscripts.d.ts","c:/lsp/npm/typescript/node_modules/typescript/lib/lib.scripthost.d.ts","c:/lsp/npm/typescript/node_modules/typescript/lib/lib.es2015.core.d.ts","c:/lsp/npm/typescript/node_modules/typescript/lib/lib.es2015.collection.d.ts","c:/lsp/npm/typescript/node_modules/typescript/lib/lib.es2015.generator.d.ts","c:/lsp/npm/typescript/node_modules/typescript/lib/lib.es2015.iterable.d.ts","c:/lsp/npm/typescript/node_modules/typescript/lib/lib.es2015.promise.d.ts","c:/lsp/npm/typescript/node_modules/typescript/lib/lib.es2015.proxy.d.ts","c:/lsp/npm/typescript/node_modules/typescript/lib/lib.es2015.reflect.d.ts","c:/lsp/npm/typescript/node_modules/typescript/lib/lib.es2015.symbol.d.ts","c:/lsp/npm/typescript/node_modules/typescript/lib/lib.es2015.symbol.wellknown.d.ts","c:/lsp/npm/typescript/node_modules/typescript/lib/lib.es2016.array.include.d.ts","c:/lsp/npm/typescript/node_modules/typescript/lib/lib.es2016.full.d.ts","y:/charicha_software_challenge/s2d4.js"],"compilerOptions":{"module":1,"target":3,"jsx":1,"allowJs":true,"allowSyntheticDefaultImports":true,"allowNonTsExtensions":true,"noEmitForJsFiles":true,"maxNodeModuleJsDepth":2},"typeAcquisition":{"enable":true,"include":[],"exclude":[]},"unresolvedImports":[],"projectRootPath":"y:/charicha_software_challenge","kind":"discover"}
[22:35:34.821] Explicitly included types: []
[22:35:34.821] Inferred typings from unresolved imports: []
[22:35:34.822] Result: {"cachedTypingPaths":[],"newTypingNames":[],"filesToWatch":["y:/charicha_software_challenge/bower_components","y:/charicha_software_challenge/node_modules"]}
[22:35:34.822] Finished typings discovery: {"cachedTypingPaths":[],"newTypingNames":[],"filesToWatch":["y:/charicha_software_challenge/bower_components","y:/charicha_software_challenge/node_modules"]}
[22:35:34.823] DirectoryWatcher:: Added:: WatchInfo: y:/charicha_software_challenge/bower_components
[22:35:34.823] DirectoryWatcher:: Added:: WatchInfo: y:/charicha_software_challenge/bower_components 1 undefined Project: /dev/null/inferredProject4* watcher already invoked: false
[22:35:34.823] Elapsed:: 0.11339999735355377ms DirectoryWatcher:: Added:: WatchInfo: y:/charicha_software_challenge/bower_components 1 undefined Project: /dev/null/inferredProject4* watcher already invoked: false
[22:35:34.824] DirectoryWatcher:: Added:: WatchInfo: y:/charicha_software_challenge/node_modules
[22:35:34.824] DirectoryWatcher:: Added:: WatchInfo: y:/charicha_software_challenge/node_modules 1 undefined Project: /dev/null/inferredProject4* watcher already invoked: false
[22:35:34.824] Elapsed:: 0.10490000247955322ms DirectoryWatcher:: Added:: WatchInfo: y:/charicha_software_challenge/node_modules 1 undefined Project: /dev/null/inferredProject4* watcher already invoked: false
[22:35:34.825] Sending response:
    {"projectName":"/dev/null/inferredProject4*","typeAcquisition":{"enable":true,"include":[],"exclude":[]},"compilerOptions":{"module":1,"target":3,"jsx":1,"allowJs":true,"allowSyntheticDefaultImports":true,"allowNonTsExtensions":true,"noEmitForJsFiles":true,"maxNodeModuleJsDepth":2},"typings":[],"unresolvedImports":[],"kind":"action::set"}
[22:35:34.825] Response has been sent.
[22:35:34.825] No new typings were requested as a result of typings discovery
[22:35:40.958] Got install request {"projectName":"/dev/null/inferredProject5*","fileNames":["c:/lsp/npm/typescript/node_modules/typescript/lib/lib.es5.d.ts","c:/lsp/npm/typescript/node_modules/typescript/lib/lib.es2015.d.ts","c:/lsp/npm/typescript/node_modules/typescript/lib/lib.es2016.d.ts","c:/lsp/npm/typescript/node_modules/typescript/lib/lib.dom.d.ts","c:/lsp/npm/typescript/node_modules/typescript/lib/lib.dom.iterable.d.ts","c:/lsp/npm/typescript/node_modules/typescript/lib/lib.webworker.importscripts.d.ts","c:/lsp/npm/typescript/node_modules/typescript/lib/lib.scripthost.d.ts","c:/lsp/npm/typescript/node_modules/typescript/lib/lib.es2015.core.d.ts","c:/lsp/npm/typescript/node_modules/typescript/lib/lib.es2015.collection.d.ts","c:/lsp/npm/typescript/node_modules/typescript/lib/lib.es2015.generator.d.ts","c:/lsp/npm/typescript/node_modules/typescript/lib/lib.es2015.iterable.d.ts","c:/lsp/npm/typescript/node_modules/typescript/lib/lib.es2015.promise.d.ts","c:/lsp/npm/typescript/node_modules/typescript/lib/lib.es2015.proxy.d.ts","c:/lsp/npm/typescript/node_modules/typescript/lib/lib.es2015.reflect.d.ts","c:/lsp/npm/typescript/node_modules/typescript/lib/lib.es2015.symbol.d.ts","c:/lsp/npm/typescript/node_modules/typescript/lib/lib.es2015.symbol.wellknown.d.ts","c:/lsp/npm/typescript/node_modules/typescript/lib/lib.es2016.array.include.d.ts","c:/lsp/npm/typescript/node_modules/typescript/lib/lib.es2016.full.d.ts","y:/charicha_software_challenge/s2d5.js"],"compilerOptions":{"module":1,"target":3,"jsx":1,"allowJs":true,"allowSyntheticDefaultImports":true,"allowNonTsExtensions":true,"noEmitForJsFiles":true,"maxNodeModuleJsDepth":2},"typeAcquisition":{"enable":true,"include":[],"exclude":[]},"unresolvedImports":[],"projectRootPath":"y:/charicha_software_challenge","kind":"discover"}
[22:35:40.959] Explicitly included types: []
[22:35:40.960] Inferred typings from unresolved imports: []
[22:35:40.960] Result: {"cachedTypingPaths":[],"newTypingNames":[],"filesToWatch":["y:/charicha_software_challenge/bower_components","y:/charicha_software_challenge/node_modules"]}
[22:35:40.960] Finished typings discovery: {"cachedTypingPaths":[],"newTypingNames":[],"filesToWatch":["y:/charicha_software_challenge/bower_components","y:/charicha_software_challenge/node_modules"]}
[22:35:40.961] DirectoryWatcher:: Added:: WatchInfo: y:/charicha_software_challenge/bower_components
[22:35:40.961] DirectoryWatcher:: Added:: WatchInfo: y:/charicha_software_challenge/bower_components 1 undefined Project: /dev/null/inferredProject5* watcher already invoked: false
[22:35:40.962] Elapsed:: 0.13050000369548798ms DirectoryWatcher:: Added:: WatchInfo: y:/charicha_software_challenge/bower_components 1 undefined Project: /dev/null/inferredProject5* watcher already invoked: false
[22:35:40.962] DirectoryWatcher:: Added:: WatchInfo: y:/charicha_software_challenge/node_modules
[22:35:40.962] DirectoryWatcher:: Added:: WatchInfo: y:/charicha_software_challenge/node_modules 1 undefined Project: /dev/null/inferredProject5* watcher already invoked: false
[22:35:40.963] Elapsed:: 0.1339000016450882ms DirectoryWatcher:: Added:: WatchInfo: y:/charicha_software_challenge/node_modules 1 undefined Project: /dev/null/inferredProject5* watcher already invoked: false
[22:35:40.963] Sending response:
    {"projectName":"/dev/null/inferredProject5*","typeAcquisition":{"enable":true,"include":[],"exclude":[]},"compilerOptions":{"module":1,"target":3,"jsx":1,"allowJs":true,"allowSyntheticDefaultImports":true,"allowNonTsExtensions":true,"noEmitForJsFiles":true,"maxNodeModuleJsDepth":2},"typings":[],"unresolvedImports":[],"kind":"action::set"}
[22:35:40.964] Response has been sent.
[22:35:40.964] No new typings were requested as a result of typings discovery
