[00:51:44.535] Global cache location 'C:/Users/void/AppData/Local/Microsoft/TypeScript/4.3', safe file path 'c:/lsp/npm/typescript/node_modules/typescript/lib/typingsafelist.json', types map path c:/lsp/npm/typescript/node_modules/typescript/lib/typesmap.json
[00:51:44.537] Processing cache location 'C:/Users/void/AppData/Local/Microsoft/TypeScript/4.3'
[00:51:44.538] Trying to find 'C:/Users/void/AppData/Local/Microsoft/TypeScript/4.3/package.json'...
[00:51:44.564] Loaded content of 'C:/Users/void/AppData/Local/Microsoft/TypeScript/4.3/package.json': {"private":true,"dependencies":{"types-registry":"^0.1.547"},"devDependencies":{"@types/async":"^3.2.6","@types/body-parser":"^1.19.0","@types/d":"^1.0.0","@types/dot":"^1.1.4","@types/ejs":"^3.0.6","@types/eslint":"^7.2.13","@types/express":"^4.17.12","@types/express-ejs-layouts":"^2.3.2","@types/glob":"^7.1.3","@types/js-yaml":"^4.0.1","@types/jsonwebtoken":"^8.5.2","@types/lodash":"^4.14.170","@types/merge-descriptors":"^1.0.1","@types/mocha":"^8.2.2","@types/mysql":"^2.15.18","@types/node":"^15.12.4","@types/object-assign":"^4.0.30","@types/q":"^1.5.4","@types/react":"^17.0.11","@types/react-dom":"^17.0.8","@types/scheduler":"^0.16.1","@types/serve-static":"^1.13.9","@types/shelljs":"^0.8.8","@types/sprintf":"^0.1.0","@types/sqlstring":"^2.3.0","@types/vscode":"^1.57.0"}}
[00:51:44.564] Loaded content of 'C:/Users/void/AppData/Local/Microsoft/TypeScript/4.3/package-lock.json'
[00:51:44.599] Adding entry into typings cache: 'async' => 'C:/Users/void/AppData/Local/Microsoft/TypeScript/4.3/node_modules/@types/async/index.d.ts'
[00:51:44.617] Adding entry into typings cache: 'body-parser' => 'C:/Users/void/AppData/Local/Microsoft/TypeScript/4.3/node_modules/@types/body-parser/index.d.ts'
[00:51:44.632] Adding entry into typings cache: 'd' => 'C:/Users/void/AppData/Local/Microsoft/TypeScript/4.3/node_modules/@types/d/index.d.ts'
[00:51:44.649] Adding entry into typings cache: 'dot' => 'C:/Users/void/AppData/Local/Microsoft/TypeScript/4.3/node_modules/@types/dot/index.d.ts'
[00:51:44.670] Adding entry into typings cache: 'ejs' => 'C:/Users/void/AppData/Local/Microsoft/TypeScript/4.3/node_modules/@types/ejs/index.d.ts'
[00:51:44.686] Adding entry into typings cache: 'eslint' => 'C:/Users/void/AppData/Local/Microsoft/TypeScript/4.3/node_modules/@types/eslint/index.d.ts'
[00:51:44.701] Adding entry into typings cache: 'express' => 'C:/Users/void/AppData/Local/Microsoft/TypeScript/4.3/node_modules/@types/express/index.d.ts'
[00:51:44.715] Adding entry into typings cache: 'express-ejs-layouts' => 'C:/Users/void/AppData/Local/Microsoft/TypeScript/4.3/node_modules/@types/express-ejs-layouts/index.d.ts'
[00:51:44.734] Adding entry into typings cache: 'glob' => 'C:/Users/void/AppData/Local/Microsoft/TypeScript/4.3/node_modules/@types/glob/index.d.ts'
[00:51:44.748] Adding entry into typings cache: 'js-yaml' => 'C:/Users/void/AppData/Local/Microsoft/TypeScript/4.3/node_modules/@types/js-yaml/index.d.ts'
[00:51:44.763] Adding entry into typings cache: 'jsonwebtoken' => 'C:/Users/void/AppData/Local/Microsoft/TypeScript/4.3/node_modules/@types/jsonwebtoken/index.d.ts'
[00:51:44.782] Adding entry into typings cache: 'lodash' => 'C:/Users/void/AppData/Local/Microsoft/TypeScript/4.3/node_modules/@types/lodash/index.d.ts'
[00:51:44.795] Adding entry into typings cache: 'merge-descriptors' => 'C:/Users/void/AppData/Local/Microsoft/TypeScript/4.3/node_modules/@types/merge-descriptors/index.d.ts'
[00:51:44.808] Adding entry into typings cache: 'mocha' => 'C:/Users/void/AppData/Local/Microsoft/TypeScript/4.3/node_modules/@types/mocha/index.d.ts'
[00:51:44.824] Adding entry into typings cache: 'mysql' => 'C:/Users/void/AppData/Local/Microsoft/TypeScript/4.3/node_modules/@types/mysql/index.d.ts'
[00:51:44.844] Adding entry into typings cache: 'node' => 'C:/Users/void/AppData/Local/Microsoft/TypeScript/4.3/node_modules/@types/node/index.d.ts'
[00:51:44.858] Adding entry into typings cache: 'object-assign' => 'C:/Users/void/AppData/Local/Microsoft/TypeScript/4.3/node_modules/@types/object-assign/index.d.ts'
[00:51:44.872] Adding entry into typings cache: 'q' => 'C:/Users/void/AppData/Local/Microsoft/TypeScript/4.3/node_modules/@types/q/index.d.ts'
[00:51:44.890] Adding entry into typings cache: 'react' => 'C:/Users/void/AppData/Local/Microsoft/TypeScript/4.3/node_modules/@types/react/index.d.ts'
[00:51:44.908] Adding entry into typings cache: 'react-dom' => 'C:/Users/void/AppData/Local/Microsoft/TypeScript/4.3/node_modules/@types/react-dom/index.d.ts'
[00:51:44.924] Adding entry into typings cache: 'scheduler' => 'C:/Users/void/AppData/Local/Microsoft/TypeScript/4.3/node_modules/@types/scheduler/index.d.ts'
[00:51:44.938] Adding entry into typings cache: 'serve-static' => 'C:/Users/void/AppData/Local/Microsoft/TypeScript/4.3/node_modules/@types/serve-static/index.d.ts'
[00:51:44.954] Adding entry into typings cache: 'shelljs' => 'C:/Users/void/AppData/Local/Microsoft/TypeScript/4.3/node_modules/@types/shelljs/index.d.ts'
[00:51:44.967] Adding entry into typings cache: 'sprintf' => 'C:/Users/void/AppData/Local/Microsoft/TypeScript/4.3/node_modules/@types/sprintf/index.d.ts'
[00:51:44.981] Adding entry into typings cache: 'sqlstring' => 'C:/Users/void/AppData/Local/Microsoft/TypeScript/4.3/node_modules/@types/sqlstring/index.d.ts'
[00:51:44.994] Adding entry into typings cache: 'vscode' => 'C:/Users/void/AppData/Local/Microsoft/TypeScript/4.3/node_modules/@types/vscode/index.d.ts'
[00:51:44.994] Finished processing cache location 'C:/Users/void/AppData/Local/Microsoft/TypeScript/4.3'
[00:51:44.995] Process id: 1192
[00:51:44.996] NPM location: C:\nodejs\npm (explicit '--npmLocation' not  provided)
[00:51:44.996] validateDefaultNpmLocation: false
[00:51:44.997] Npm config file: C:/Users/void/AppData/Local/Microsoft/TypeScript/4.3/package.json
[00:51:44.997] Updating types-registry npm package...
[00:51:44.998] Exec: C:\nodejs\npm install --ignore-scripts types-registry@latest
[00:52:04.232]     Succeeded. stdout:
    + types-registry@0.1.548
    updated 1 package and audited 40 packages in 11.142s
found 0 vulnerabilities


[00:52:04.232] Updated types-registry npm package
[00:52:04.250] Got install request {"projectName":"/dev/null/inferredProject1*","fileNames":["c:/lsp/npm/typescript/node_modules/typescript/lib/lib.es5.d.ts","c:/lsp/npm/typescript/node_modules/typescript/lib/lib.es2015.d.ts","c:/lsp/npm/typescript/node_modules/typescript/lib/lib.es2016.d.ts","c:/lsp/npm/typescript/node_modules/typescript/lib/lib.dom.d.ts","c:/lsp/npm/typescript/node_modules/typescript/lib/lib.dom.iterable.d.ts","c:/lsp/npm/typescript/node_modules/typescript/lib/lib.webworker.importscripts.d.ts","c:/lsp/npm/typescript/node_modules/typescript/lib/lib.scripthost.d.ts","c:/lsp/npm/typescript/node_modules/typescript/lib/lib.es2015.core.d.ts","c:/lsp/npm/typescript/node_modules/typescript/lib/lib.es2015.collection.d.ts","c:/lsp/npm/typescript/node_modules/typescript/lib/lib.es2015.generator.d.ts","c:/lsp/npm/typescript/node_modules/typescript/lib/lib.es2015.iterable.d.ts","c:/lsp/npm/typescript/node_modules/typescript/lib/lib.es2015.promise.d.ts","c:/lsp/npm/typescript/node_modules/typescript/lib/lib.es2015.proxy.d.ts","c:/lsp/npm/typescript/node_modules/typescript/lib/lib.es2015.reflect.d.ts","c:/lsp/npm/typescript/node_modules/typescript/lib/lib.es2015.symbol.d.ts","c:/lsp/npm/typescript/node_modules/typescript/lib/lib.es2015.symbol.wellknown.d.ts","c:/lsp/npm/typescript/node_modules/typescript/lib/lib.es2016.array.include.d.ts","c:/lsp/npm/typescript/node_modules/typescript/lib/lib.es2016.full.d.ts","y:/charicha_software_challenge/s2d5.js"],"compilerOptions":{"module":1,"target":3,"jsx":1,"allowJs":true,"allowSyntheticDefaultImports":true,"allowNonTsExtensions":true,"noEmitForJsFiles":true,"maxNodeModuleJsDepth":2},"typeAcquisition":{"enable":true,"include":[],"exclude":[]},"unresolvedImports":[],"projectRootPath":"y:/charicha_software_challenge","kind":"discover"}
[00:52:04.272] Loaded safelist from types map file 'c:/lsp/npm/typescript/node_modules/typescript/lib/typesmap.json'
[00:52:04.273] Explicitly included types: []
[00:52:04.275] Inferred typings from unresolved imports: []
[00:52:04.276] Result: {"cachedTypingPaths":[],"newTypingNames":[],"filesToWatch":["y:/charicha_software_challenge/bower_components","y:/charicha_software_challenge/node_modules"]}
[00:52:04.276] Finished typings discovery: {"cachedTypingPaths":[],"newTypingNames":[],"filesToWatch":["y:/charicha_software_challenge/bower_components","y:/charicha_software_challenge/node_modules"]}
[00:52:04.277] DirectoryWatcher:: Added:: WatchInfo: y:/charicha_software_challenge/bower_components
[00:52:04.278] DirectoryWatcher:: Added:: WatchInfo: y:/charicha_software_challenge/bower_components 1 undefined Project: /dev/null/inferredProject1* watcher already invoked: false
[00:52:04.280] Elapsed:: 1.781700000166893ms DirectoryWatcher:: Added:: WatchInfo: y:/charicha_software_challenge/bower_components 1 undefined Project: /dev/null/inferredProject1* watcher already invoked: false
[00:52:04.281] DirectoryWatcher:: Added:: WatchInfo: y:/charicha_software_challenge/node_modules
[00:52:04.281] DirectoryWatcher:: Added:: WatchInfo: y:/charicha_software_challenge/node_modules 1 undefined Project: /dev/null/inferredProject1* watcher already invoked: false
[00:52:04.281] Elapsed:: 0.1735000000335276ms DirectoryWatcher:: Added:: WatchInfo: y:/charicha_software_challenge/node_modules 1 undefined Project: /dev/null/inferredProject1* watcher already invoked: false
[00:52:04.282] Sending response:
    {"projectName":"/dev/null/inferredProject1*","typeAcquisition":{"enable":true,"include":[],"exclude":[]},"compilerOptions":{"module":1,"target":3,"jsx":1,"allowJs":true,"allowSyntheticDefaultImports":true,"allowNonTsExtensions":true,"noEmitForJsFiles":true,"maxNodeModuleJsDepth":2},"typings":[],"unresolvedImports":[],"kind":"action::set"}
[00:52:04.283] Response has been sent.
[00:52:04.283] No new typings were requested as a result of typings discovery
