[23:19:55.266] Global cache location 'C:/Users/void/AppData/Local/Microsoft/TypeScript/4.3', safe file path 'c:/lsp/npm/typescript/node_modules/typescript/lib/typingsafelist.json', types map path c:/lsp/npm/typescript/node_modules/typescript/lib/typesmap.json
[23:19:55.269] Processing cache location 'C:/Users/void/AppData/Local/Microsoft/TypeScript/4.3'
[23:19:55.269] Trying to find 'C:/Users/void/AppData/Local/Microsoft/TypeScript/4.3/package.json'...
[23:19:55.295] Loaded content of 'C:/Users/void/AppData/Local/Microsoft/TypeScript/4.3/package.json': {"private":true,"dependencies":{"types-registry":"^0.1.547"},"devDependencies":{"@types/async":"^3.2.6","@types/body-parser":"^1.19.0","@types/ejs":"^3.0.6","@types/eslint":"^7.2.13","@types/express":"^4.17.12","@types/glob":"^7.1.3","@types/js-yaml":"^4.0.1","@types/lodash":"^4.14.170","@types/merge-descriptors":"^1.0.1","@types/mocha":"^8.2.2","@types/node":"^15.12.4","@types/object-assign":"^4.0.30","@types/react":"^17.0.11","@types/react-dom":"^17.0.8","@types/scheduler":"^0.16.1","@types/serve-static":"^1.13.9","@types/shelljs":"^0.8.8","@types/sprintf":"^0.1.0","@types/vscode":"^1.57.0"}}
[23:19:55.295] Loaded content of 'C:/Users/void/AppData/Local/Microsoft/TypeScript/4.3/package-lock.json'
[23:19:55.325] Adding entry into typings cache: 'async' => 'C:/Users/void/AppData/Local/Microsoft/TypeScript/4.3/node_modules/@types/async/index.d.ts'
[23:19:55.347] Adding entry into typings cache: 'body-parser' => 'C:/Users/void/AppData/Local/Microsoft/TypeScript/4.3/node_modules/@types/body-parser/index.d.ts'
[23:19:55.370] Adding entry into typings cache: 'ejs' => 'C:/Users/void/AppData/Local/Microsoft/TypeScript/4.3/node_modules/@types/ejs/index.d.ts'
[23:19:55.389] Adding entry into typings cache: 'eslint' => 'C:/Users/void/AppData/Local/Microsoft/TypeScript/4.3/node_modules/@types/eslint/index.d.ts'
[23:19:55.408] Adding entry into typings cache: 'express' => 'C:/Users/void/AppData/Local/Microsoft/TypeScript/4.3/node_modules/@types/express/index.d.ts'
[23:19:55.423] Adding entry into typings cache: 'glob' => 'C:/Users/void/AppData/Local/Microsoft/TypeScript/4.3/node_modules/@types/glob/index.d.ts'
[23:19:55.438] Adding entry into typings cache: 'js-yaml' => 'C:/Users/void/AppData/Local/Microsoft/TypeScript/4.3/node_modules/@types/js-yaml/index.d.ts'
[23:19:55.454] Adding entry into typings cache: 'lodash' => 'C:/Users/void/AppData/Local/Microsoft/TypeScript/4.3/node_modules/@types/lodash/index.d.ts'
[23:19:55.468] Adding entry into typings cache: 'merge-descriptors' => 'C:/Users/void/AppData/Local/Microsoft/TypeScript/4.3/node_modules/@types/merge-descriptors/index.d.ts'
[23:19:55.480] Adding entry into typings cache: 'mocha' => 'C:/Users/void/AppData/Local/Microsoft/TypeScript/4.3/node_modules/@types/mocha/index.d.ts'
[23:19:55.499] Adding entry into typings cache: 'node' => 'C:/Users/void/AppData/Local/Microsoft/TypeScript/4.3/node_modules/@types/node/index.d.ts'
[23:19:55.512] Adding entry into typings cache: 'object-assign' => 'C:/Users/void/AppData/Local/Microsoft/TypeScript/4.3/node_modules/@types/object-assign/index.d.ts'
[23:19:55.534] Adding entry into typings cache: 'react' => 'C:/Users/void/AppData/Local/Microsoft/TypeScript/4.3/node_modules/@types/react/index.d.ts'
[23:19:55.548] Adding entry into typings cache: 'react-dom' => 'C:/Users/void/AppData/Local/Microsoft/TypeScript/4.3/node_modules/@types/react-dom/index.d.ts'
[23:19:55.562] Adding entry into typings cache: 'scheduler' => 'C:/Users/void/AppData/Local/Microsoft/TypeScript/4.3/node_modules/@types/scheduler/index.d.ts'
[23:19:55.575] Adding entry into typings cache: 'serve-static' => 'C:/Users/void/AppData/Local/Microsoft/TypeScript/4.3/node_modules/@types/serve-static/index.d.ts'
[23:19:55.589] Adding entry into typings cache: 'shelljs' => 'C:/Users/void/AppData/Local/Microsoft/TypeScript/4.3/node_modules/@types/shelljs/index.d.ts'
[23:19:55.602] Adding entry into typings cache: 'sprintf' => 'C:/Users/void/AppData/Local/Microsoft/TypeScript/4.3/node_modules/@types/sprintf/index.d.ts'
[23:19:55.616] Adding entry into typings cache: 'vscode' => 'C:/Users/void/AppData/Local/Microsoft/TypeScript/4.3/node_modules/@types/vscode/index.d.ts'
[23:19:55.616] Finished processing cache location 'C:/Users/void/AppData/Local/Microsoft/TypeScript/4.3'
[23:19:55.617] Process id: 9108
[23:19:55.617] NPM location: C:\nodejs\npm (explicit '--npmLocation' not  provided)
[23:19:55.617] validateDefaultNpmLocation: false
[23:19:55.618] Npm config file: C:/Users/void/AppData/Local/Microsoft/TypeScript/4.3/package.json
[23:19:55.618] Updating types-registry npm package...
[23:19:55.619] Exec: C:\nodejs\npm install --ignore-scripts types-registry@latest
[23:20:05.323]     Succeeded. stdout:
    + types-registry@0.1.547
    updated 1 package and audited 33 packages in 1.932s
found 0 vulnerabilities


[23:20:05.324] Updated types-registry npm package
[23:20:05.350] Got install request {"projectName":"/dev/null/inferredProject1*","fileNames":["c:/lsp/npm/typescript/node_modules/typescript/lib/lib.es5.d.ts","c:/lsp/npm/typescript/node_modules/typescript/lib/lib.es2015.d.ts","c:/lsp/npm/typescript/node_modules/typescript/lib/lib.es2016.d.ts","c:/lsp/npm/typescript/node_modules/typescript/lib/lib.dom.d.ts","c:/lsp/npm/typescript/node_modules/typescript/lib/lib.dom.iterable.d.ts","c:/lsp/npm/typescript/node_modules/typescript/lib/lib.webworker.importscripts.d.ts","c:/lsp/npm/typescript/node_modules/typescript/lib/lib.scripthost.d.ts","c:/lsp/npm/typescript/node_modules/typescript/lib/lib.es2015.core.d.ts","c:/lsp/npm/typescript/node_modules/typescript/lib/lib.es2015.collection.d.ts","c:/lsp/npm/typescript/node_modules/typescript/lib/lib.es2015.generator.d.ts","c:/lsp/npm/typescript/node_modules/typescript/lib/lib.es2015.iterable.d.ts","c:/lsp/npm/typescript/node_modules/typescript/lib/lib.es2015.promise.d.ts","c:/lsp/npm/typescript/node_modules/typescript/lib/lib.es2015.proxy.d.ts","c:/lsp/npm/typescript/node_modules/typescript/lib/lib.es2015.reflect.d.ts","c:/lsp/npm/typescript/node_modules/typescript/lib/lib.es2015.symbol.d.ts","c:/lsp/npm/typescript/node_modules/typescript/lib/lib.es2015.symbol.wellknown.d.ts","c:/lsp/npm/typescript/node_modules/typescript/lib/lib.es2016.array.include.d.ts","c:/lsp/npm/typescript/node_modules/typescript/lib/lib.es2016.full.d.ts","y:/charicha_software_challenge/s2d1.js"],"compilerOptions":{"module":1,"target":3,"jsx":1,"allowJs":true,"allowSyntheticDefaultImports":true,"allowNonTsExtensions":true,"noEmitForJsFiles":true,"maxNodeModuleJsDepth":2},"typeAcquisition":{"enable":true,"include":[],"exclude":[]},"unresolvedImports":[],"projectRootPath":"y:/charicha_software_challenge","kind":"discover"}
[23:20:05.371] Loaded safelist from types map file 'c:/lsp/npm/typescript/node_modules/typescript/lib/typesmap.json'
[23:20:05.372] Explicitly included types: []
[23:20:05.374] Inferred typings from unresolved imports: []
[23:20:05.374] Result: {"cachedTypingPaths":[],"newTypingNames":[],"filesToWatch":["y:/charicha_software_challenge/bower_components","y:/charicha_software_challenge/node_modules"]}
[23:20:05.374] Finished typings discovery: {"cachedTypingPaths":[],"newTypingNames":[],"filesToWatch":["y:/charicha_software_challenge/bower_components","y:/charicha_software_challenge/node_modules"]}
[23:20:05.375] DirectoryWatcher:: Added:: WatchInfo: y:/charicha_software_challenge/bower_components
[23:20:05.376] DirectoryWatcher:: Added:: WatchInfo: y:/charicha_software_challenge/bower_components 1 undefined Project: /dev/null/inferredProject1* watcher already invoked: false
[23:20:05.378] Elapsed:: 1.9221999999135733ms DirectoryWatcher:: Added:: WatchInfo: y:/charicha_software_challenge/bower_components 1 undefined Project: /dev/null/inferredProject1* watcher already invoked: false
[23:20:05.379] DirectoryWatcher:: Added:: WatchInfo: y:/charicha_software_challenge/node_modules
[23:20:05.379] DirectoryWatcher:: Added:: WatchInfo: y:/charicha_software_challenge/node_modules 1 undefined Project: /dev/null/inferredProject1* watcher already invoked: false
[23:20:05.380] Elapsed:: 0.18579999916255474ms DirectoryWatcher:: Added:: WatchInfo: y:/charicha_software_challenge/node_modules 1 undefined Project: /dev/null/inferredProject1* watcher already invoked: false
[23:20:05.380] Sending response:
    {"projectName":"/dev/null/inferredProject1*","typeAcquisition":{"enable":true,"include":[],"exclude":[]},"compilerOptions":{"module":1,"target":3,"jsx":1,"allowJs":true,"allowSyntheticDefaultImports":true,"allowNonTsExtensions":true,"noEmitForJsFiles":true,"maxNodeModuleJsDepth":2},"typings":[],"unresolvedImports":[],"kind":"action::set"}
[23:20:05.381] Response has been sent.
[23:20:05.381] No new typings were requested as a result of typings discovery
[23:21:10.330] Got install request {"projectName":"/dev/null/inferredProject1*","fileNames":["c:/lsp/npm/typescript/node_modules/typescript/lib/lib.es5.d.ts","c:/lsp/npm/typescript/node_modules/typescript/lib/lib.es2015.d.ts","c:/lsp/npm/typescript/node_modules/typescript/lib/lib.es2016.d.ts","c:/lsp/npm/typescript/node_modules/typescript/lib/lib.dom.d.ts","c:/lsp/npm/typescript/node_modules/typescript/lib/lib.dom.iterable.d.ts","c:/lsp/npm/typescript/node_modules/typescript/lib/lib.webworker.importscripts.d.ts","c:/lsp/npm/typescript/node_modules/typescript/lib/lib.scripthost.d.ts","c:/lsp/npm/typescript/node_modules/typescript/lib/lib.es2015.core.d.ts","c:/lsp/npm/typescript/node_modules/typescript/lib/lib.es2015.collection.d.ts","c:/lsp/npm/typescript/node_modules/typescript/lib/lib.es2015.generator.d.ts","c:/lsp/npm/typescript/node_modules/typescript/lib/lib.es2015.iterable.d.ts","c:/lsp/npm/typescript/node_modules/typescript/lib/lib.es2015.promise.d.ts","c:/lsp/npm/typescript/node_modules/typescript/lib/lib.es2015.proxy.d.ts","c:/lsp/npm/typescript/node_modules/typescript/lib/lib.es2015.reflect.d.ts","c:/lsp/npm/typescript/node_modules/typescript/lib/lib.es2015.symbol.d.ts","c:/lsp/npm/typescript/node_modules/typescript/lib/lib.es2015.symbol.wellknown.d.ts","c:/lsp/npm/typescript/node_modules/typescript/lib/lib.es2016.array.include.d.ts","c:/lsp/npm/typescript/node_modules/typescript/lib/lib.es2016.full.d.ts","y:/charicha_software_challenge/s2d1.js"],"compilerOptions":{"module":1,"target":3,"jsx":1,"allowJs":true,"allowSyntheticDefaultImports":true,"allowNonTsExtensions":true,"noEmitForJsFiles":true,"maxNodeModuleJsDepth":2},"typeAcquisition":{"enable":true,"include":[],"exclude":[]},"projectRootPath":"y:/charicha_software_challenge","kind":"discover"}
[23:21:10.331] Explicitly included types: []
[23:21:10.332] Result: {"cachedTypingPaths":[],"newTypingNames":[],"filesToWatch":["y:/charicha_software_challenge/bower_components","y:/charicha_software_challenge/node_modules"]}
[23:21:10.332] Finished typings discovery: {"cachedTypingPaths":[],"newTypingNames":[],"filesToWatch":["y:/charicha_software_challenge/bower_components","y:/charicha_software_challenge/node_modules"]}
[23:21:10.333] Sending response:
    {"projectName":"/dev/null/inferredProject1*","typeAcquisition":{"enable":true,"include":[],"exclude":[]},"compilerOptions":{"module":1,"target":3,"jsx":1,"allowJs":true,"allowSyntheticDefaultImports":true,"allowNonTsExtensions":true,"noEmitForJsFiles":true,"maxNodeModuleJsDepth":2},"typings":[],"kind":"action::set"}
[23:21:10.333] Response has been sent.
[23:21:10.333] No new typings were requested as a result of typings discovery
