[13:18:46.845] Global cache location 'C:/Users/void/AppData/Local/Microsoft/TypeScript/4.3', safe file path 'c:/lsp/npm/typescript/node_modules/typescript/lib/typingsafelist.json', types map path c:/lsp/npm/typescript/node_modules/typescript/lib/typesmap.json
[13:18:46.848] Processing cache location 'C:/Users/void/AppData/Local/Microsoft/TypeScript/4.3'
[13:18:46.848] Trying to find 'C:/Users/void/AppData/Local/Microsoft/TypeScript/4.3/package.json'...
[13:18:46.867] Loaded content of 'C:/Users/void/AppData/Local/Microsoft/TypeScript/4.3/package.json': {"private":true,"dependencies":{"types-registry":"^0.1.549"},"devDependencies":{"@types/accepts":"^1.3.5","@types/async":"^3.2.7","@types/bl":"^5.0.1","@types/body":"^5.1.1","@types/body-parser":"^1.19.1","@types/bootstrap":"^5.0.17","@types/braces":"^3.0.1","@types/bson":"^4.0.4","@types/cacheable-request":"^6.0.2","@types/call-bind":"^1.0.0","@types/chai":"^4.2.21","@types/configstore":"^5.0.1","@types/d":"^1.0.0","@types/debug":"^4.1.6","@types/dot":"^1.1.4","@types/ejs":"^3.0.7","@types/end-of-stream":"^1.4.1","@types/eslint":"^7.2.13","@types/express":"^4.17.13","@types/express-ejs-layouts":"^2.3.2","@types/express-session":"^1.17.4","@types/extend":"^3.0.1","@types/fast-text-encoding":"^1.0.1","@types/finalhandler":"^1.1.1","@types/follow-redirects":"^1.13.1","@types/forwarded":"^0.1.0","@types/fresh":"^0.5.0","@types/fs-extra":"^9.0.12","@types/function-bind":"^1.1.6","@types/get-intrinsic":"^1.0.0","@types/glob":"^7.1.3","@types/glob-parent":"^5.1.1","@types/go":"^1.6.20","@types/got":"^9.6.12","@types/graceful-fs":"^4.1.5","@types/has":"^1.0.0","@types/has-symbols":"^1.0.0","@types/http-cache-semantics":"^4.0.1","@types/http-errors":"^1.8.1","@types/imurmurhash":"^0.1.1","@types/inherits":"0.0.30","@types/ini":"^1.3.30","@types/is-ci":"^3.0.0","@types/is-glob":"^4.0.2","@types/is-number":"^7.0.1","@types/is-typedarray":"^1.0.0","@types/isomorphic-fetch":"0.0.35","@types/js-yaml":"^4.0.1","@types/json-bigint":"^1.0.1","@types/json-buffer":"^3.0.0","@types/jsonwebtoken":"^8.5.4","@types/jws":"^3.2.4","@types/keyv":"^3.1.2","@types/lodash":"^4.14.171","@types/lru-cache":"^5.1.1","@types/md5":"^2.3.1","@types/media-typer":"^1.1.1","@types/memory-pager":"^1.4.0","@types/merge-descriptors":"^1.0.1","@types/methods":"^1.1.1","@types/mime":"^2.0.3","@types/mime-db":"^1.43.1","@types/mime-types":"^2.1.0","@types/minimatch":"^3.0.5","@types/minimist":"^1.2.2","@types/mocha":"^8.2.3","@types/mongodb":"^3.6.20","@types/ms":"^0.7.31","@types/mysql":"^2.15.19","@types/nconf":"^0.10.1","@types/negotiator":"^0.6.1","@types/node":"^15.12.4","@types/node-fetch":"^2.5.11","@types/node-forge":"^0.10.1","@types/nodemon":"^1.19.1","@types/nopt":"^3.0.29","@types/normalize-path":"^3.0.0","@types/oauth":"^0.9.1","@types/object-assign":"^4.0.30","@types/object-inspect":"^1.8.1","@types/on-finished":"^2.3.1","@types/on-headers":"^1.0.0","@types/once":"^1.4.0","@types/parseurl":"^1.3.1","@types/passport":"^1.0.7","@types/passport-google-oauth":"^1.0.42","@types/passport-google-oauth20":"^2.0.9","@types/passport-local":"^1.0.34","@types/passport-oauth2":"^1.4.11","@types/passport-strategy":"^0.2.35","@types/pause":"^0.1.0","@types/picomatch":"^2.2.5","@types/prettier":"^2.3.2","@types/proxy-addr":"^2.0.0","@types/proxyquire":"^1.3.28","@types/pump":"^1.1.1","@types/q":"^1.5.4","@types/qs":"^6.9.7","@types/random-bytes":"^1.0.1","@types/range-parser":"^1.2.4","@types/rc":"^1.1.0","@types/react":"^17.0.11","@types/react-dom":"^17.0.8","@types/registry-auth-token":"^4.2.1","@types/responselike":"^1.0.0","@types/safer-buffer":"^2.1.0","@types/saslprep":"^1.0.0","@types/scheduler":"^0.16.1","@types/semver":"^7.3.7","@types/send":"^0.17.1","@types/serve-static":"^1.13.10","@types/server":"^1.0.4","@types/server-destroy":"^1.0.1","@types/shelljs":"^0.8.8","@types/signal-exit":"^3.0.1","@types/sparse-bitfield":"^3.0.0","@types/sprintf":"^0.1.0","@types/sqlstring":"^2.3.0","@types/statuses":"^2.0.0","@types/supports-color":"^8.1.1","@types/tail":"^2.2.1","@types/tailwindcss":"^2.2.1","@types/touch":"^3.1.2","@types/type-is":"^1.6.3","@types/uid-safe":"^2.1.2","@types/uid2":"0.0.0","@types/update-notifier":"^5.0.1","@types/url-template":"^2.0.28","@types/utils-merge":"0.0.28","@types/uuid":"^8.3.1","@types/vary":"^1.1.0","@types/vscode":"^1.57.0","@types/write-file-atomic":"^3.0.2","@types/yallist":"^4.0.1","@types/yargs":"^17.0.2"}}
[13:18:46.868] Loaded content of 'C:/Users/void/AppData/Local/Microsoft/TypeScript/4.3/package-lock.json'
[13:18:46.896] Adding entry into typings cache: 'accepts' => 'C:/Users/void/AppData/Local/Microsoft/TypeScript/4.3/node_modules/@types/accepts/index.d.ts'
[13:18:46.915] Adding entry into typings cache: 'async' => 'C:/Users/void/AppData/Local/Microsoft/TypeScript/4.3/node_modules/@types/async/index.d.ts'
[13:18:46.943] Adding entry into typings cache: 'bl' => 'C:/Users/void/AppData/Local/Microsoft/TypeScript/4.3/node_modules/@types/bl/index.d.ts'
[13:18:46.963] Adding entry into typings cache: 'body' => 'C:/Users/void/AppData/Local/Microsoft/TypeScript/4.3/node_modules/@types/body/index.d.ts'
[13:18:46.997] Adding entry into typings cache: 'body-parser' => 'C:/Users/void/AppData/Local/Microsoft/TypeScript/4.3/node_modules/@types/body-parser/index.d.ts'
[13:18:47.025] Adding entry into typings cache: 'bootstrap' => 'C:/Users/void/AppData/Local/Microsoft/TypeScript/4.3/node_modules/@types/bootstrap/index.d.ts'
[13:18:47.039] Adding entry into typings cache: 'braces' => 'C:/Users/void/AppData/Local/Microsoft/TypeScript/4.3/node_modules/@types/braces/index.d.ts'
[13:18:47.059] Adding entry into typings cache: 'bson' => 'C:/Users/void/AppData/Local/Microsoft/TypeScript/4.3/node_modules/@types/bson/index.d.ts'
[13:18:47.073] Adding entry into typings cache: 'cacheable-request' => 'C:/Users/void/AppData/Local/Microsoft/TypeScript/4.3/node_modules/@types/cacheable-request/index.d.ts'
[13:18:47.093] Adding entry into typings cache: 'call-bind' => 'C:/Users/void/AppData/Local/Microsoft/TypeScript/4.3/node_modules/@types/call-bind/index.d.ts'
[13:18:47.108] Adding entry into typings cache: 'chai' => 'C:/Users/void/AppData/Local/Microsoft/TypeScript/4.3/node_modules/@types/chai/index.d.ts'
[13:18:47.120] Adding entry into typings cache: 'configstore' => 'C:/Users/void/AppData/Local/Microsoft/TypeScript/4.3/node_modules/@types/configstore/index.d.ts'
[13:18:47.130] Adding entry into typings cache: 'd' => 'C:/Users/void/AppData/Local/Microsoft/TypeScript/4.3/node_modules/@types/d/index.d.ts'
[13:18:47.142] Adding entry into typings cache: 'debug' => 'C:/Users/void/AppData/Local/Microsoft/TypeScript/4.3/node_modules/@types/debug/index.d.ts'
[13:18:47.158] Adding entry into typings cache: 'dot' => 'C:/Users/void/AppData/Local/Microsoft/TypeScript/4.3/node_modules/@types/dot/index.d.ts'
[13:18:47.172] Adding entry into typings cache: 'ejs' => 'C:/Users/void/AppData/Local/Microsoft/TypeScript/4.3/node_modules/@types/ejs/index.d.ts'
[13:18:47.186] Adding entry into typings cache: 'end-of-stream' => 'C:/Users/void/AppData/Local/Microsoft/TypeScript/4.3/node_modules/@types/end-of-stream/index.d.ts'
[13:18:47.206] Adding entry into typings cache: 'eslint' => 'C:/Users/void/AppData/Local/Microsoft/TypeScript/4.3/node_modules/@types/eslint/index.d.ts'
[13:18:47.223] Adding entry into typings cache: 'express' => 'C:/Users/void/AppData/Local/Microsoft/TypeScript/4.3/node_modules/@types/express/index.d.ts'
[13:18:47.237] Adding entry into typings cache: 'express-ejs-layouts' => 'C:/Users/void/AppData/Local/Microsoft/TypeScript/4.3/node_modules/@types/express-ejs-layouts/index.d.ts'
[13:18:47.252] Adding entry into typings cache: 'express-session' => 'C:/Users/void/AppData/Local/Microsoft/TypeScript/4.3/node_modules/@types/express-session/index.d.ts'
[13:18:47.262] Adding entry into typings cache: 'extend' => 'C:/Users/void/AppData/Local/Microsoft/TypeScript/4.3/node_modules/@types/extend/index.d.ts'
[13:18:47.275] Adding entry into typings cache: 'fast-text-encoding' => 'C:/Users/void/AppData/Local/Microsoft/TypeScript/4.3/node_modules/@types/fast-text-encoding/index.d.ts'
[13:18:47.287] Adding entry into typings cache: 'finalhandler' => 'C:/Users/void/AppData/Local/Microsoft/TypeScript/4.3/node_modules/@types/finalhandler/index.d.ts'
[13:18:47.302] Adding entry into typings cache: 'follow-redirects' => 'C:/Users/void/AppData/Local/Microsoft/TypeScript/4.3/node_modules/@types/follow-redirects/index.d.ts'
[13:18:47.314] Adding entry into typings cache: 'forwarded' => 'C:/Users/void/AppData/Local/Microsoft/TypeScript/4.3/node_modules/@types/forwarded/index.d.ts'
[13:18:47.339] Adding entry into typings cache: 'fresh' => 'C:/Users/void/AppData/Local/Microsoft/TypeScript/4.3/node_modules/@types/fresh/index.d.ts'
[13:18:47.356] Adding entry into typings cache: 'fs-extra' => 'C:/Users/void/AppData/Local/Microsoft/TypeScript/4.3/node_modules/@types/fs-extra/index.d.ts'
[13:18:47.370] Adding entry into typings cache: 'function-bind' => 'C:/Users/void/AppData/Local/Microsoft/TypeScript/4.3/node_modules/@types/function-bind/index.d.ts'
[13:18:47.392] Adding entry into typings cache: 'get-intrinsic' => 'C:/Users/void/AppData/Local/Microsoft/TypeScript/4.3/node_modules/@types/get-intrinsic/index.d.ts'
[13:18:47.426] Adding entry into typings cache: 'glob' => 'C:/Users/void/AppData/Local/Microsoft/TypeScript/4.3/node_modules/@types/glob/index.d.ts'
[13:18:47.442] Adding entry into typings cache: 'glob-parent' => 'C:/Users/void/AppData/Local/Microsoft/TypeScript/4.3/node_modules/@types/glob-parent/index.d.ts'
[13:18:47.479] Adding entry into typings cache: 'go' => 'C:/Users/void/AppData/Local/Microsoft/TypeScript/4.3/node_modules/@types/go/index.d.ts'
[13:18:47.510] Adding entry into typings cache: 'got' => 'C:/Users/void/AppData/Local/Microsoft/TypeScript/4.3/node_modules/@types/got/index.d.ts'
[13:18:47.522] Adding entry into typings cache: 'graceful-fs' => 'C:/Users/void/AppData/Local/Microsoft/TypeScript/4.3/node_modules/@types/graceful-fs/index.d.ts'
[13:18:47.534] Adding entry into typings cache: 'has' => 'C:/Users/void/AppData/Local/Microsoft/TypeScript/4.3/node_modules/@types/has/index.d.ts'
[13:18:47.583] Adding entry into typings cache: 'has-symbols' => 'C:/Users/void/AppData/Local/Microsoft/TypeScript/4.3/node_modules/@types/has-symbols/index.d.ts'
[13:18:47.596] Adding entry into typings cache: 'http-cache-semantics' => 'C:/Users/void/AppData/Local/Microsoft/TypeScript/4.3/node_modules/@types/http-cache-semantics/index.d.ts'
[13:18:47.619] Adding entry into typings cache: 'http-errors' => 'C:/Users/void/AppData/Local/Microsoft/TypeScript/4.3/node_modules/@types/http-errors/index.d.ts'
[13:18:47.655] Adding entry into typings cache: 'imurmurhash' => 'C:/Users/void/AppData/Local/Microsoft/TypeScript/4.3/node_modules/@types/imurmurhash/index.d.ts'
[13:18:47.668] Adding entry into typings cache: 'inherits' => 'C:/Users/void/AppData/Local/Microsoft/TypeScript/4.3/node_modules/@types/inherits/index.d.ts'
[13:18:47.688] Adding entry into typings cache: 'ini' => 'C:/Users/void/AppData/Local/Microsoft/TypeScript/4.3/node_modules/@types/ini/index.d.ts'
[13:18:47.702] Adding entry into typings cache: 'is-ci' => 'C:/Users/void/AppData/Local/Microsoft/TypeScript/4.3/node_modules/@types/is-ci/index.d.ts'
[13:18:47.719] Adding entry into typings cache: 'is-glob' => 'C:/Users/void/AppData/Local/Microsoft/TypeScript/4.3/node_modules/@types/is-glob/index.d.ts'
[13:18:47.735] Adding entry into typings cache: 'is-number' => 'C:/Users/void/AppData/Local/Microsoft/TypeScript/4.3/node_modules/@types/is-number/index.d.ts'
[13:18:47.748] Adding entry into typings cache: 'is-typedarray' => 'C:/Users/void/AppData/Local/Microsoft/TypeScript/4.3/node_modules/@types/is-typedarray/index.d.ts'
[13:18:47.761] Adding entry into typings cache: 'isomorphic-fetch' => 'C:/Users/void/AppData/Local/Microsoft/TypeScript/4.3/node_modules/@types/isomorphic-fetch/index.d.ts'
[13:18:47.773] Adding entry into typings cache: 'js-yaml' => 'C:/Users/void/AppData/Local/Microsoft/TypeScript/4.3/node_modules/@types/js-yaml/index.d.ts'
[13:18:47.786] Adding entry into typings cache: 'json-bigint' => 'C:/Users/void/AppData/Local/Microsoft/TypeScript/4.3/node_modules/@types/json-bigint/index.d.ts'
[13:18:47.800] Adding entry into typings cache: 'json-buffer' => 'C:/Users/void/AppData/Local/Microsoft/TypeScript/4.3/node_modules/@types/json-buffer/index.d.ts'
[13:18:47.820] Adding entry into typings cache: 'jsonwebtoken' => 'C:/Users/void/AppData/Local/Microsoft/TypeScript/4.3/node_modules/@types/jsonwebtoken/index.d.ts'
[13:18:47.832] Adding entry into typings cache: 'jws' => 'C:/Users/void/AppData/Local/Microsoft/TypeScript/4.3/node_modules/@types/jws/index.d.ts'
[13:18:47.843] Adding entry into typings cache: 'keyv' => 'C:/Users/void/AppData/Local/Microsoft/TypeScript/4.3/node_modules/@types/keyv/index.d.ts'
[13:18:47.856] Adding entry into typings cache: 'lodash' => 'C:/Users/void/AppData/Local/Microsoft/TypeScript/4.3/node_modules/@types/lodash/index.d.ts'
[13:18:47.867] Adding entry into typings cache: 'lru-cache' => 'C:/Users/void/AppData/Local/Microsoft/TypeScript/4.3/node_modules/@types/lru-cache/index.d.ts'
[13:18:47.879] Adding entry into typings cache: 'md5' => 'C:/Users/void/AppData/Local/Microsoft/TypeScript/4.3/node_modules/@types/md5/index.d.ts'
[13:18:47.897] Adding entry into typings cache: 'media-typer' => 'C:/Users/void/AppData/Local/Microsoft/TypeScript/4.3/node_modules/@types/media-typer/index.d.ts'
[13:18:47.908] Adding entry into typings cache: 'memory-pager' => 'C:/Users/void/AppData/Local/Microsoft/TypeScript/4.3/node_modules/@types/memory-pager/index.d.ts'
[13:18:47.917] Adding entry into typings cache: 'merge-descriptors' => 'C:/Users/void/AppData/Local/Microsoft/TypeScript/4.3/node_modules/@types/merge-descriptors/index.d.ts'
[13:18:47.928] Adding entry into typings cache: 'methods' => 'C:/Users/void/AppData/Local/Microsoft/TypeScript/4.3/node_modules/@types/methods/index.d.ts'
[13:18:47.940] Adding entry into typings cache: 'mime' => 'C:/Users/void/AppData/Local/Microsoft/TypeScript/4.3/node_modules/@types/mime/index.d.ts'
[13:18:47.969] Adding entry into typings cache: 'mime-db' => 'C:/Users/void/AppData/Local/Microsoft/TypeScript/4.3/node_modules/@types/mime-db/index.d.ts'
[13:18:48.008] Adding entry into typings cache: 'mime-types' => 'C:/Users/void/AppData/Local/Microsoft/TypeScript/4.3/node_modules/@types/mime-types/index.d.ts'
[13:18:48.028] Adding entry into typings cache: 'minimatch' => 'C:/Users/void/AppData/Local/Microsoft/TypeScript/4.3/node_modules/@types/minimatch/index.d.ts'
[13:18:48.043] Adding entry into typings cache: 'minimist' => 'C:/Users/void/AppData/Local/Microsoft/TypeScript/4.3/node_modules/@types/minimist/index.d.ts'
[13:18:48.057] Adding entry into typings cache: 'mocha' => 'C:/Users/void/AppData/Local/Microsoft/TypeScript/4.3/node_modules/@types/mocha/index.d.ts'
[13:18:48.073] Adding entry into typings cache: 'mongodb' => 'C:/Users/void/AppData/Local/Microsoft/TypeScript/4.3/node_modules/@types/mongodb/index.d.ts'
[13:18:48.093] Adding entry into typings cache: 'ms' => 'C:/Users/void/AppData/Local/Microsoft/TypeScript/4.3/node_modules/@types/ms/index.d.ts'
[13:18:48.104] Adding entry into typings cache: 'mysql' => 'C:/Users/void/AppData/Local/Microsoft/TypeScript/4.3/node_modules/@types/mysql/index.d.ts'
[13:18:48.116] Adding entry into typings cache: 'nconf' => 'C:/Users/void/AppData/Local/Microsoft/TypeScript/4.3/node_modules/@types/nconf/index.d.ts'
[13:18:48.127] Adding entry into typings cache: 'negotiator' => 'C:/Users/void/AppData/Local/Microsoft/TypeScript/4.3/node_modules/@types/negotiator/index.d.ts'
[13:18:48.141] Adding entry into typings cache: 'node' => 'C:/Users/void/AppData/Local/Microsoft/TypeScript/4.3/node_modules/@types/node/index.d.ts'
[13:18:48.154] Adding entry into typings cache: 'node-fetch' => 'C:/Users/void/AppData/Local/Microsoft/TypeScript/4.3/node_modules/@types/node-fetch/index.d.ts'
[13:18:48.166] Adding entry into typings cache: 'node-forge' => 'C:/Users/void/AppData/Local/Microsoft/TypeScript/4.3/node_modules/@types/node-forge/index.d.ts'
[13:18:48.179] Adding entry into typings cache: 'nodemon' => 'C:/Users/void/AppData/Local/Microsoft/TypeScript/4.3/node_modules/@types/nodemon/index.d.ts'
[13:18:48.192] Adding entry into typings cache: 'nopt' => 'C:/Users/void/AppData/Local/Microsoft/TypeScript/4.3/node_modules/@types/nopt/index.d.ts'
[13:18:48.205] Adding entry into typings cache: 'normalize-path' => 'C:/Users/void/AppData/Local/Microsoft/TypeScript/4.3/node_modules/@types/normalize-path/index.d.ts'
[13:18:48.216] Adding entry into typings cache: 'oauth' => 'C:/Users/void/AppData/Local/Microsoft/TypeScript/4.3/node_modules/@types/oauth/index.d.ts'
[13:18:48.229] Adding entry into typings cache: 'object-assign' => 'C:/Users/void/AppData/Local/Microsoft/TypeScript/4.3/node_modules/@types/object-assign/index.d.ts'
[13:18:48.244] Adding entry into typings cache: 'object-inspect' => 'C:/Users/void/AppData/Local/Microsoft/TypeScript/4.3/node_modules/@types/object-inspect/index.d.ts'
[13:18:48.256] Adding entry into typings cache: 'on-finished' => 'C:/Users/void/AppData/Local/Microsoft/TypeScript/4.3/node_modules/@types/on-finished/index.d.ts'
[13:18:48.268] Adding entry into typings cache: 'on-headers' => 'C:/Users/void/AppData/Local/Microsoft/TypeScript/4.3/node_modules/@types/on-headers/index.d.ts'
[13:18:48.279] Adding entry into typings cache: 'once' => 'C:/Users/void/AppData/Local/Microsoft/TypeScript/4.3/node_modules/@types/once/index.d.ts'
[13:18:48.290] Adding entry into typings cache: 'parseurl' => 'C:/Users/void/AppData/Local/Microsoft/TypeScript/4.3/node_modules/@types/parseurl/index.d.ts'
[13:18:48.301] Adding entry into typings cache: 'passport' => 'C:/Users/void/AppData/Local/Microsoft/TypeScript/4.3/node_modules/@types/passport/index.d.ts'
[13:18:48.312] Adding entry into typings cache: 'passport-google-oauth' => 'C:/Users/void/AppData/Local/Microsoft/TypeScript/4.3/node_modules/@types/passport-google-oauth/index.d.ts'
[13:18:48.324] Adding entry into typings cache: 'passport-google-oauth20' => 'C:/Users/void/AppData/Local/Microsoft/TypeScript/4.3/node_modules/@types/passport-google-oauth20/index.d.ts'
[13:18:48.336] Adding entry into typings cache: 'passport-local' => 'C:/Users/void/AppData/Local/Microsoft/TypeScript/4.3/node_modules/@types/passport-local/index.d.ts'
[13:18:48.348] Adding entry into typings cache: 'passport-oauth2' => 'C:/Users/void/AppData/Local/Microsoft/TypeScript/4.3/node_modules/@types/passport-oauth2/index.d.ts'
[13:18:48.360] Adding entry into typings cache: 'passport-strategy' => 'C:/Users/void/AppData/Local/Microsoft/TypeScript/4.3/node_modules/@types/passport-strategy/index.d.ts'
[13:18:48.369] Adding entry into typings cache: 'pause' => 'C:/Users/void/AppData/Local/Microsoft/TypeScript/4.3/node_modules/@types/pause/index.d.ts'
[13:18:48.379] Adding entry into typings cache: 'picomatch' => 'C:/Users/void/AppData/Local/Microsoft/TypeScript/4.3/node_modules/@types/picomatch/index.d.ts'
[13:18:48.391] Adding entry into typings cache: 'prettier' => 'C:/Users/void/AppData/Local/Microsoft/TypeScript/4.3/node_modules/@types/prettier/index.d.ts'
[13:18:48.401] Adding entry into typings cache: 'proxy-addr' => 'C:/Users/void/AppData/Local/Microsoft/TypeScript/4.3/node_modules/@types/proxy-addr/index.d.ts'
[13:18:48.413] Adding entry into typings cache: 'proxyquire' => 'C:/Users/void/AppData/Local/Microsoft/TypeScript/4.3/node_modules/@types/proxyquire/index.d.ts'
[13:18:48.424] Adding entry into typings cache: 'pump' => 'C:/Users/void/AppData/Local/Microsoft/TypeScript/4.3/node_modules/@types/pump/index.d.ts'
[13:18:48.437] Adding entry into typings cache: 'q' => 'C:/Users/void/AppData/Local/Microsoft/TypeScript/4.3/node_modules/@types/q/index.d.ts'
[13:18:48.448] Adding entry into typings cache: 'qs' => 'C:/Users/void/AppData/Local/Microsoft/TypeScript/4.3/node_modules/@types/qs/index.d.ts'
[13:18:48.459] Adding entry into typings cache: 'random-bytes' => 'C:/Users/void/AppData/Local/Microsoft/TypeScript/4.3/node_modules/@types/random-bytes/index.d.ts'
[13:18:48.470] Adding entry into typings cache: 'range-parser' => 'C:/Users/void/AppData/Local/Microsoft/TypeScript/4.3/node_modules/@types/range-parser/index.d.ts'
[13:18:48.486] Adding entry into typings cache: 'rc' => 'C:/Users/void/AppData/Local/Microsoft/TypeScript/4.3/node_modules/@types/rc/index.d.ts'
[13:18:48.500] Adding entry into typings cache: 'react' => 'C:/Users/void/AppData/Local/Microsoft/TypeScript/4.3/node_modules/@types/react/index.d.ts'
[13:18:48.512] Adding entry into typings cache: 'react-dom' => 'C:/Users/void/AppData/Local/Microsoft/TypeScript/4.3/node_modules/@types/react-dom/index.d.ts'
[13:18:48.525] Adding entry into typings cache: 'registry-auth-token' => 'C:/Users/void/AppData/Local/Microsoft/TypeScript/4.3/node_modules/@types/registry-auth-token/index.d.ts'
[13:18:48.536] Adding entry into typings cache: 'responselike' => 'C:/Users/void/AppData/Local/Microsoft/TypeScript/4.3/node_modules/@types/responselike/index.d.ts'
[13:18:48.546] Adding entry into typings cache: 'safer-buffer' => 'C:/Users/void/AppData/Local/Microsoft/TypeScript/4.3/node_modules/@types/safer-buffer/index.d.ts'
[13:18:48.555] Adding entry into typings cache: 'saslprep' => 'C:/Users/void/AppData/Local/Microsoft/TypeScript/4.3/node_modules/@types/saslprep/index.d.ts'
[13:18:48.565] Adding entry into typings cache: 'scheduler' => 'C:/Users/void/AppData/Local/Microsoft/TypeScript/4.3/node_modules/@types/scheduler/index.d.ts'
[13:18:48.576] Adding entry into typings cache: 'semver' => 'C:/Users/void/AppData/Local/Microsoft/TypeScript/4.3/node_modules/@types/semver/index.d.ts'
[13:18:48.588] Adding entry into typings cache: 'send' => 'C:/Users/void/AppData/Local/Microsoft/TypeScript/4.3/node_modules/@types/send/index.d.ts'
[13:18:48.600] Adding entry into typings cache: 'serve-static' => 'C:/Users/void/AppData/Local/Microsoft/TypeScript/4.3/node_modules/@types/serve-static/index.d.ts'
[13:18:48.613] Adding entry into typings cache: 'server' => 'C:/Users/void/AppData/Local/Microsoft/TypeScript/4.3/node_modules/@types/server/index.d.ts'
[13:18:48.624] Adding entry into typings cache: 'server-destroy' => 'C:/Users/void/AppData/Local/Microsoft/TypeScript/4.3/node_modules/@types/server-destroy/index.d.ts'
[13:18:48.635] Adding entry into typings cache: 'shelljs' => 'C:/Users/void/AppData/Local/Microsoft/TypeScript/4.3/node_modules/@types/shelljs/index.d.ts'
[13:18:48.647] Adding entry into typings cache: 'signal-exit' => 'C:/Users/void/AppData/Local/Microsoft/TypeScript/4.3/node_modules/@types/signal-exit/index.d.ts'
[13:18:48.658] Adding entry into typings cache: 'sparse-bitfield' => 'C:/Users/void/AppData/Local/Microsoft/TypeScript/4.3/node_modules/@types/sparse-bitfield/index.d.ts'
[13:18:48.669] Adding entry into typings cache: 'sprintf' => 'C:/Users/void/AppData/Local/Microsoft/TypeScript/4.3/node_modules/@types/sprintf/index.d.ts'
[13:18:48.680] Adding entry into typings cache: 'sqlstring' => 'C:/Users/void/AppData/Local/Microsoft/TypeScript/4.3/node_modules/@types/sqlstring/index.d.ts'
[13:18:48.691] Adding entry into typings cache: 'statuses' => 'C:/Users/void/AppData/Local/Microsoft/TypeScript/4.3/node_modules/@types/statuses/index.d.ts'
[13:18:48.712] Adding entry into typings cache: 'supports-color' => 'C:/Users/void/AppData/Local/Microsoft/TypeScript/4.3/node_modules/@types/supports-color/index.d.ts'
[13:18:48.721] Adding entry into typings cache: 'tail' => 'C:/Users/void/AppData/Local/Microsoft/TypeScript/4.3/node_modules/@types/tail/index.d.ts'
[13:18:48.731] Adding entry into typings cache: 'tailwindcss' => 'C:/Users/void/AppData/Local/Microsoft/TypeScript/4.3/node_modules/@types/tailwindcss/index.d.ts'
[13:18:48.742] Adding entry into typings cache: 'touch' => 'C:/Users/void/AppData/Local/Microsoft/TypeScript/4.3/node_modules/@types/touch/index.d.ts'
[13:18:48.754] Adding entry into typings cache: 'type-is' => 'C:/Users/void/AppData/Local/Microsoft/TypeScript/4.3/node_modules/@types/type-is/index.d.ts'
[13:18:48.764] Adding entry into typings cache: 'uid-safe' => 'C:/Users/void/AppData/Local/Microsoft/TypeScript/4.3/node_modules/@types/uid-safe/index.d.ts'
[13:18:48.775] Adding entry into typings cache: 'uid2' => 'C:/Users/void/AppData/Local/Microsoft/TypeScript/4.3/node_modules/@types/uid2/index.d.ts'
[13:18:48.787] Adding entry into typings cache: 'update-notifier' => 'C:/Users/void/AppData/Local/Microsoft/TypeScript/4.3/node_modules/@types/update-notifier/index.d.ts'
[13:18:48.798] Adding entry into typings cache: 'url-template' => 'C:/Users/void/AppData/Local/Microsoft/TypeScript/4.3/node_modules/@types/url-template/index.d.ts'
[13:18:48.809] Adding entry into typings cache: 'utils-merge' => 'C:/Users/void/AppData/Local/Microsoft/TypeScript/4.3/node_modules/@types/utils-merge/index.d.ts'
[13:18:48.823] Adding entry into typings cache: 'uuid' => 'C:/Users/void/AppData/Local/Microsoft/TypeScript/4.3/node_modules/@types/uuid/index.d.ts'
[13:18:48.833] Adding entry into typings cache: 'vary' => 'C:/Users/void/AppData/Local/Microsoft/TypeScript/4.3/node_modules/@types/vary/index.d.ts'
[13:18:48.842] Adding entry into typings cache: 'vscode' => 'C:/Users/void/AppData/Local/Microsoft/TypeScript/4.3/node_modules/@types/vscode/index.d.ts'
[13:18:48.852] Adding entry into typings cache: 'write-file-atomic' => 'C:/Users/void/AppData/Local/Microsoft/TypeScript/4.3/node_modules/@types/write-file-atomic/index.d.ts'
[13:18:48.863] Adding entry into typings cache: 'yallist' => 'C:/Users/void/AppData/Local/Microsoft/TypeScript/4.3/node_modules/@types/yallist/index.d.ts'
[13:18:48.875] Adding entry into typings cache: 'yargs' => 'C:/Users/void/AppData/Local/Microsoft/TypeScript/4.3/node_modules/@types/yargs/index.d.ts'
[13:18:48.875] Finished processing cache location 'C:/Users/void/AppData/Local/Microsoft/TypeScript/4.3'
[13:18:48.876] Process id: 13440
[13:18:48.877] NPM location: C:\nodejs\npm (explicit '--npmLocation' not  provided)
[13:18:48.877] validateDefaultNpmLocation: false
[13:18:48.878] Npm config file: C:/Users/void/AppData/Local/Microsoft/TypeScript/4.3/package.json
[13:18:48.878] Updating types-registry npm package...
[13:18:48.879] Exec: C:\nodejs\npm install --ignore-scripts types-registry@latest
[13:19:11.634]     Succeeded. stdout:
    + types-registry@0.1.549
    updated 1 package and audited 197 packages in 5.495s

6 packages are looking for funding
  run `npm fund` for details

found 0 vulnerabilities


[13:19:11.635] Updated types-registry npm package
[13:19:11.669] Got install request {"projectName":"/dev/null/inferredProject1*","fileNames":["c:/lsp/npm/typescript/node_modules/typescript/lib/lib.es5.d.ts","c:/lsp/npm/typescript/node_modules/typescript/lib/lib.es2015.d.ts","c:/lsp/npm/typescript/node_modules/typescript/lib/lib.es2016.d.ts","c:/lsp/npm/typescript/node_modules/typescript/lib/lib.dom.d.ts","c:/lsp/npm/typescript/node_modules/typescript/lib/lib.dom.iterable.d.ts","c:/lsp/npm/typescript/node_modules/typescript/lib/lib.webworker.importscripts.d.ts","c:/lsp/npm/typescript/node_modules/typescript/lib/lib.scripthost.d.ts","c:/lsp/npm/typescript/node_modules/typescript/lib/lib.es2015.core.d.ts","c:/lsp/npm/typescript/node_modules/typescript/lib/lib.es2015.collection.d.ts","c:/lsp/npm/typescript/node_modules/typescript/lib/lib.es2015.generator.d.ts","c:/lsp/npm/typescript/node_modules/typescript/lib/lib.es2015.iterable.d.ts","c:/lsp/npm/typescript/node_modules/typescript/lib/lib.es2015.promise.d.ts","c:/lsp/npm/typescript/node_modules/typescript/lib/lib.es2015.proxy.d.ts","c:/lsp/npm/typescript/node_modules/typescript/lib/lib.es2015.reflect.d.ts","c:/lsp/npm/typescript/node_modules/typescript/lib/lib.es2015.symbol.d.ts","c:/lsp/npm/typescript/node_modules/typescript/lib/lib.es2015.symbol.wellknown.d.ts","c:/lsp/npm/typescript/node_modules/typescript/lib/lib.es2016.array.include.d.ts","c:/lsp/npm/typescript/node_modules/typescript/lib/lib.es2016.full.d.ts","y:/charicha_software_challenge/s2d4.js"],"compilerOptions":{"module":1,"target":3,"jsx":1,"allowJs":true,"allowSyntheticDefaultImports":true,"allowNonTsExtensions":true,"noEmitForJsFiles":true,"maxNodeModuleJsDepth":2},"typeAcquisition":{"enable":true,"include":[],"exclude":[]},"unresolvedImports":[],"projectRootPath":"y:/charicha_software_challenge","kind":"discover"}
[13:19:11.686] Loaded safelist from types map file 'c:/lsp/npm/typescript/node_modules/typescript/lib/typesmap.json'
[13:19:11.687] Explicitly included types: []
[13:19:11.689] Inferred typings from unresolved imports: []
[13:19:11.690] Result: {"cachedTypingPaths":[],"newTypingNames":[],"filesToWatch":["y:/charicha_software_challenge/bower_components","y:/charicha_software_challenge/node_modules"]}
[13:19:11.691] Finished typings discovery: {"cachedTypingPaths":[],"newTypingNames":[],"filesToWatch":["y:/charicha_software_challenge/bower_components","y:/charicha_software_challenge/node_modules"]}
[13:19:11.692] DirectoryWatcher:: Added:: WatchInfo: y:/charicha_software_challenge/bower_components
[13:19:11.693] DirectoryWatcher:: Added:: WatchInfo: y:/charicha_software_challenge/bower_components 1 undefined Project: /dev/null/inferredProject1* watcher already invoked: false
[13:19:11.696] Elapsed:: 2.868499994277954ms DirectoryWatcher:: Added:: WatchInfo: y:/charicha_software_challenge/bower_components 1 undefined Project: /dev/null/inferredProject1* watcher already invoked: false
[13:19:11.697] DirectoryWatcher:: Added:: WatchInfo: y:/charicha_software_challenge/node_modules
[13:19:11.698] DirectoryWatcher:: Added:: WatchInfo: y:/charicha_software_challenge/node_modules 1 undefined Project: /dev/null/inferredProject1* watcher already invoked: false
[13:19:11.698] Elapsed:: 0.2298000007867813ms DirectoryWatcher:: Added:: WatchInfo: y:/charicha_software_challenge/node_modules 1 undefined Project: /dev/null/inferredProject1* watcher already invoked: false
[13:19:11.699] Sending response:
    {"projectName":"/dev/null/inferredProject1*","typeAcquisition":{"enable":true,"include":[],"exclude":[]},"compilerOptions":{"module":1,"target":3,"jsx":1,"allowJs":true,"allowSyntheticDefaultImports":true,"allowNonTsExtensions":true,"noEmitForJsFiles":true,"maxNodeModuleJsDepth":2},"typings":[],"unresolvedImports":[],"kind":"action::set"}
[13:19:11.700] Response has been sent.
[13:19:11.700] No new typings were requested as a result of typings discovery
[13:19:11.701] Got install request {"projectName":"/dev/null/inferredProject2*","fileNames":["c:/lsp/npm/typescript/node_modules/typescript/lib/lib.es5.d.ts","c:/lsp/npm/typescript/node_modules/typescript/lib/lib.es2015.d.ts","c:/lsp/npm/typescript/node_modules/typescript/lib/lib.es2016.d.ts","c:/lsp/npm/typescript/node_modules/typescript/lib/lib.dom.d.ts","c:/lsp/npm/typescript/node_modules/typescript/lib/lib.dom.iterable.d.ts","c:/lsp/npm/typescript/node_modules/typescript/lib/lib.webworker.importscripts.d.ts","c:/lsp/npm/typescript/node_modules/typescript/lib/lib.scripthost.d.ts","c:/lsp/npm/typescript/node_modules/typescript/lib/lib.es2015.core.d.ts","c:/lsp/npm/typescript/node_modules/typescript/lib/lib.es2015.collection.d.ts","c:/lsp/npm/typescript/node_modules/typescript/lib/lib.es2015.generator.d.ts","c:/lsp/npm/typescript/node_modules/typescript/lib/lib.es2015.iterable.d.ts","c:/lsp/npm/typescript/node_modules/typescript/lib/lib.es2015.promise.d.ts","c:/lsp/npm/typescript/node_modules/typescript/lib/lib.es2015.proxy.d.ts","c:/lsp/npm/typescript/node_modules/typescript/lib/lib.es2015.reflect.d.ts","c:/lsp/npm/typescript/node_modules/typescript/lib/lib.es2015.symbol.d.ts","c:/lsp/npm/typescript/node_modules/typescript/lib/lib.es2015.symbol.wellknown.d.ts","c:/lsp/npm/typescript/node_modules/typescript/lib/lib.es2016.array.include.d.ts","c:/lsp/npm/typescript/node_modules/typescript/lib/lib.es2016.full.d.ts","y:/charicha_software_challenge/s2d5.js"],"compilerOptions":{"module":1,"target":3,"jsx":1,"allowJs":true,"allowSyntheticDefaultImports":true,"allowNonTsExtensions":true,"noEmitForJsFiles":true,"maxNodeModuleJsDepth":2},"typeAcquisition":{"enable":true,"include":[],"exclude":[]},"unresolvedImports":[],"projectRootPath":"y:/charicha_software_challenge","kind":"discover"}
[13:19:11.702] Explicitly included types: []
[13:19:11.703] Inferred typings from unresolved imports: []
[13:19:11.703] Result: {"cachedTypingPaths":[],"newTypingNames":[],"filesToWatch":["y:/charicha_software_challenge/bower_components","y:/charicha_software_challenge/node_modules"]}
[13:19:11.704] Finished typings discovery: {"cachedTypingPaths":[],"newTypingNames":[],"filesToWatch":["y:/charicha_software_challenge/bower_components","y:/charicha_software_challenge/node_modules"]}
[13:19:11.704] DirectoryWatcher:: Added:: WatchInfo: y:/charicha_software_challenge/bower_components
[13:19:11.705] DirectoryWatcher:: Added:: WatchInfo: y:/charicha_software_challenge/bower_components 1 undefined Project: /dev/null/inferredProject2* watcher already invoked: false
[13:19:11.706] Elapsed:: 0.2295999974012375ms DirectoryWatcher:: Added:: WatchInfo: y:/charicha_software_challenge/bower_components 1 undefined Project: /dev/null/inferredProject2* watcher already invoked: false
[13:19:11.706] DirectoryWatcher:: Added:: WatchInfo: y:/charicha_software_challenge/node_modules
[13:19:11.707] DirectoryWatcher:: Added:: WatchInfo: y:/charicha_software_challenge/node_modules 1 undefined Project: /dev/null/inferredProject2* watcher already invoked: false
[13:19:11.708] Elapsed:: 0.2587999999523163ms DirectoryWatcher:: Added:: WatchInfo: y:/charicha_software_challenge/node_modules 1 undefined Project: /dev/null/inferredProject2* watcher already invoked: false
[13:19:11.709] Sending response:
    {"projectName":"/dev/null/inferredProject2*","typeAcquisition":{"enable":true,"include":[],"exclude":[]},"compilerOptions":{"module":1,"target":3,"jsx":1,"allowJs":true,"allowSyntheticDefaultImports":true,"allowNonTsExtensions":true,"noEmitForJsFiles":true,"maxNodeModuleJsDepth":2},"typings":[],"unresolvedImports":[],"kind":"action::set"}
[13:19:11.709] Response has been sent.
[13:19:11.710] No new typings were requested as a result of typings discovery
